[INFO] Exporting model to "C:\Users\sci\Documents\simple1-export\Simple1.xml"
[INFO] Constructing internal model for Simple1...
[INFO] Rebuilding SW document
[INFO] Reading configuration Default...
[DEBUG] Constructing component Simple1...
[DEBUG] Constructing component CylBase-3...
[DEBUG] Component CylBase-3 constructed.
[DEBUG] Constructing component Arms-2...
[DEBUG] Constructing component FixArm-3...
[DEBUG] Component FixArm-3 constructed.
[DEBUG] Constructing component Mobiles^Arms-1...
[DEBUG] Constructing component MobArm-1...
[DEBUG] Component MobArm-1 constructed.
[DEBUG] Component Mobiles^Arms-1 constructed.
[DEBUG] Component Arms-2 constructed.
[DEBUG] Component Simple1 constructed.
[INFO] Configuration Default read.
[INFO] Model Simple1 constructed.
[INFO] Simplifying the model... (threshold : 50)
[DEBUG] Simplifying component Simple1...
[DEBUG] Simplifying component CylBase-3...
[DEBUG] Component CylBase-3 simplified.
[DEBUG] Simplifying component Arms-2...
[DEBUG] Simplifying component FixArm-3...
[DEBUG] Component FixArm-3 simplified.
[DEBUG] Simplifying component Mobiles^Arms-1...
[DEBUG] Simplifying component MobArm-1...
[DEBUG] Component MobArm-1 simplified.
[DEBUG] Component Mobiles^Arms-1 simplified.
[DEBUG] Component Arms-2 simplified.
[DEBUG] Component Simple1 simplified.
[INFO] Model simplified.
[INFO] Exporting XML file...
[DEBUG] Exporting component Simple1...
[DEBUG] Exporting component CylBase-3...
[DEBUG] Component CylBase-3 exported.
[DEBUG] Exporting component Arms-2...
[DEBUG] Exporting component FixArm-3...
[DEBUG] Component FixArm-3 exported.
[DEBUG] Exporting component Mobiles^Arms-1...
[DEBUG] Exporting component MobArm-1...
[DEBUG] Component MobArm-1 exported.
[DEBUG] Component Mobiles^Arms-1 exported.
[DEBUG] Component Arms-2 exported.
[DEBUG] Component Simple1 exported.
[INFO] XML file exported.
[INFO] Exporting geometries...
[DEBUG] Exporting part FixArm-3 to "C:\Users\sci\Documents\simple1-export\FixArm.STL"...
[DEBUG] Part FixArm-3 exported.
[INFO] Geometries exported.
[INFO] Model successfully exported to "C:\Users\sci\Documents\simple1-export\Simple1.xml"
