[INFO] Exporting model to "C:\Users\dages\Workspace\SOLIDWORKS_models\XTREMED_n3d_export\SCI-11-06-16-ILL-CHANGEUR.xml"
[INFO] Constructing internal model for SCI-11-06-16-ILL-CHANGEUR...
[INFO] Rebuilding SW document
[INFO] Reading configuration Défaut...
[DEBUG] Constructing component SCI-11-06-16-ILL-CHANGEUR...
[DEBUG] Constructing component SCI-TT170-DURI_SANS PT O-1...
[DEBUG] Constructing component SCI-TT170-10-09-A-1...
[DEBUG] Component SCI-TT170-10-09-A-1 constructed.
[DEBUG] Constructing component SCI-Vis-Chc-M03-inox_Vis Chc M3- 8-1...
[DEBUG] Component SCI-Vis-Chc-M03-inox_Vis Chc M3- 8-1 constructed.
[DEBUG] Constructing component SCI-Vis-Chc-M03-inox_Vis Chc M3- 6-2...
[DEBUG] Component SCI-Vis-Chc-M03-inox_Vis Chc M3- 6-2 constructed.
[DEBUG] Constructing component SCI-Embase 6 contacts-1...
[DEBUG] Component SCI-Embase 6 contacts-1 constructed.
[DEBUG] Constructing component SCI-TT170-10-21-A-1...
[DEBUG] Component SCI-TT170-10-21-A-1 constructed.
[DEBUG] Constructing component SCI-Ecrou-H-inox_Ecrou H M 3-1...
[DEBUG] Component SCI-Ecrou-H-inox_Ecrou H M 3-1 constructed.
[DEBUG] Constructing component SCI-Vis-Chc-M03-inox_Vis Chc M3- 6-1...
[DEBUG] Component SCI-Vis-Chc-M03-inox_Vis Chc M3- 6-1 constructed.
[DEBUG] Constructing component SCI-R11X-J10-7N-1...
[DEBUG] Component SCI-R11X-J10-7N-1 constructed.
[DEBUG] Constructing component SCI-TT170-10-10-A-1...
[DEBUG] Component SCI-TT170-10-10-A-1 constructed.
[DEBUG] Constructing component SCI-Rondelle-normale-sÚrie-Z-acier_Rondelle plate normale sÚrie Z d= 4-1...
[DEBUG] Component SCI-Rondelle-normale-sÚrie-Z-acier_Rondelle plate normale sÚrie Z d= 4-1 constructed.
[DEBUG] Constructing component SCI-TT170-10-19-A-1...
[DEBUG] Component SCI-TT170-10-19-A-1 constructed.
[DEBUG] Constructing component SCI-Vis-Chc-M05-inox_Vis Chc M5-25-1...
[DEBUG] Component SCI-Vis-Chc-M05-inox_Vis Chc M5-25-1 constructed.
[DEBUG] Constructing component SCI-Vis-Chc-M04-inox_Vis Chc M4-35-2...
[DEBUG] Component SCI-Vis-Chc-M04-inox_Vis Chc M4-35-2 constructed.
[DEBUG] Constructing component SCI-Ecrou-H-inox_Ecrou H M 2-2...
[DEBUG] Component SCI-Ecrou-H-inox_Ecrou H M 2-2 constructed.
[DEBUG] Constructing component SCI-Vis-Chc-M03-inox_Vis Chc M3- 8-6...
[DEBUG] Component SCI-Vis-Chc-M03-inox_Vis Chc M3- 8-6 constructed.
[DEBUG] Constructing component SCI-Vis-Chc-M03-inox_Vis Chc M3- 8-4...
[DEBUG] Component SCI-Vis-Chc-M03-inox_Vis Chc M3- 8-4 constructed.
[DEBUG] Constructing component SCI-Ecrou-H-inox_Ecrou H M 3-2...
[DEBUG] Component SCI-Ecrou-H-inox_Ecrou H M 3-2 constructed.
[DEBUG] Constructing component SCI-Vis-Chc-M04-inox_Vis Chc M4-30-1...
[DEBUG] Component SCI-Vis-Chc-M04-inox_Vis Chc M4-30-1 constructed.
[DEBUG] Constructing component SCI-Rondelle-normale-sÚrie-Z-acier_Rondelle plate normale sÚrie Z d= 4-2...
[DEBUG] Component SCI-Rondelle-normale-sÚrie-Z-acier_Rondelle plate normale sÚrie Z d= 4-2 constructed.
[DEBUG] Constructing component SCI-Vis-Chc-M03-inox_Vis Chc M3- 8-5...
[DEBUG] Component SCI-Vis-Chc-M03-inox_Vis Chc M3- 8-5 constructed.
[DEBUG] Constructing component SCI-Vis-Chc-M03-inox_Vis Chc M3- 8-3...
[DEBUG] Component SCI-Vis-Chc-M03-inox_Vis Chc M3- 8-3 constructed.
[DEBUG] Constructing component SCI-Vis-Chc-M06-inox_Vis Chc M6-40-1...
[DEBUG] Component SCI-Vis-Chc-M06-inox_Vis Chc M6-40-1 constructed.
[DEBUG] Constructing component SCI-TT170-10-11-A-1...
[DEBUG] Component SCI-TT170-10-11-A-1 constructed.
[DEBUG] Constructing component SCI-TT170-10-04-A-2...
[DEBUG] Component SCI-TT170-10-04-A-2 constructed.
[DEBUG] Constructing component SCI-Vis-Chc-M05-inox_Vis Chc M5-25-3...
[DEBUG] Component SCI-Vis-Chc-M05-inox_Vis Chc M5-25-3 constructed.
[DEBUG] Constructing component SCI-Vis-Chc-M02-inox_Vis Chc M2- 6-1...
[DEBUG] Component SCI-Vis-Chc-M02-inox_Vis Chc M2- 6-1 constructed.
[DEBUG] Constructing component SCI-Goupille-cylindrique-d04-inox_Goupille cylindrique d=4-14-1...
[DEBUG] Component SCI-Goupille-cylindrique-d04-inox_Goupille cylindrique d=4-14-1 constructed.
[DEBUG] Constructing component SCI-TT170-07-12-A-1...
[DEBUG] Component SCI-TT170-07-12-A-1 constructed.
[DEBUG] Constructing component SCI-Vis-Chc-M06-inox_Vis Chc M6-40-2...
[DEBUG] Component SCI-Vis-Chc-M06-inox_Vis Chc M6-40-2 constructed.
[DEBUG] Constructing component SCI-Rondelle-normale-sÚrie-Z-acier_Rondelle plate normale sÚrie Z d= 4-3...
[DEBUG] Component SCI-Rondelle-normale-sÚrie-Z-acier_Rondelle plate normale sÚrie Z d= 4-3 constructed.
[DEBUG] Constructing component SCI-Vis-Chc-M04-inox_Vis Chc M4-35-3...
[DEBUG] Component SCI-Vis-Chc-M04-inox_Vis Chc M4-35-3 constructed.
[DEBUG] Constructing component SCI-Vis-Chc-M06-inox_Vis Chc M6-40-3...
[DEBUG] Component SCI-Vis-Chc-M06-inox_Vis Chc M6-40-3 constructed.
[DEBUG] Constructing component SCI-Vis-Chc-M05-tb-inox_Vis Chc M5-12-1...
[DEBUG] Component SCI-Vis-Chc-M05-tb-inox_Vis Chc M5-12-1 constructed.
[DEBUG] Constructing component SCI-Vis-Chc-M03-inox_Vis Chc M3- 8-7...
[DEBUG] Component SCI-Vis-Chc-M03-inox_Vis Chc M3- 8-7 constructed.
[DEBUG] Constructing component SCI-Vis-Chc-M05-inox_Vis Chc M5-25-4...
[DEBUG] Component SCI-Vis-Chc-M05-inox_Vis Chc M5-25-4 constructed.
[DEBUG] Constructing component SCI-Vis-Chc-M04-inox_Vis Chc M4-30-2...
[DEBUG] Component SCI-Vis-Chc-M04-inox_Vis Chc M4-30-2 constructed.
[DEBUG] Constructing component SCI-Vis-Chc-M03-inox_Vis Chc M3- 6-3...
[DEBUG] Component SCI-Vis-Chc-M03-inox_Vis Chc M3- 6-3 constructed.
[DEBUG] Constructing component SCI-TT170-10-14-A-1...
[DEBUG] Component SCI-TT170-10-14-A-1 constructed.
[DEBUG] Constructing component SCI-Embase 5 contacts-1...
[DEBUG] Component SCI-Embase 5 contacts-1 constructed.
[DEBUG] Constructing component SCI-Vis-Fhc-M04-inox_Vis Fhc M4- 8-1...
[DEBUG] Component SCI-Vis-Fhc-M04-inox_Vis Fhc M4- 8-1 constructed.
[DEBUG] Constructing component SCI-Vis-Chc-M05-inox_Vis Chc M5-25-5...
[DEBUG] Component SCI-Vis-Chc-M05-inox_Vis Chc M5-25-5 constructed.
[DEBUG] Constructing component SCI-TT170-00-05-A-1...
[DEBUG] Component SCI-TT170-00-05-A-1 constructed.
[DEBUG] Constructing component SCI-Vis-Chc-M03-inox_Vis Chc M3- 6-4...
[DEBUG] Component SCI-Vis-Chc-M03-inox_Vis Chc M3- 6-4 constructed.
[DEBUG] Constructing component SCI-Vis-Chc-M03-inox_Vis Chc M3- 8-8...
[DEBUG] Component SCI-Vis-Chc-M03-inox_Vis Chc M3- 8-8 constructed.
[DEBUG] Constructing component SCI-Vis-Chc-M05-tb-inox_Vis Chc M5-12-2...
[DEBUG] Component SCI-Vis-Chc-M05-tb-inox_Vis Chc M5-12-2 constructed.
[DEBUG] Constructing component SCI-TT170-10-21-A-2...
[DEBUG] Component SCI-TT170-10-21-A-2 constructed.
[DEBUG] Constructing component SCI-TT170-10-06-A_Course 200-1...
[DEBUG] Component SCI-TT170-10-06-A_Course 200-1 constructed.
[DEBUG] Constructing component SCI-Vis-Chc-M04-inox_Vis Chc M4-35-4...
[DEBUG] Component SCI-Vis-Chc-M04-inox_Vis Chc M4-35-4 constructed.
[DEBUG] Constructing component SCI-500077_MOLETTE_Ï56xÏ6.35-1...
[DEBUG] Component SCI-500077_MOLETTE_Ï56xÏ6.35-1 constructed.
[DEBUG] Constructing component SCI-Vis-Chc-M03-inox_Vis Chc M3-16-3...
[DEBUG] Component SCI-Vis-Chc-M03-inox_Vis Chc M3-16-3 constructed.
[DEBUG] Constructing component SCI-Vis-Chc-M06-inox_Vis Chc M6-40-4...
[DEBUG] Component SCI-Vis-Chc-M06-inox_Vis Chc M6-40-4 constructed.
[DEBUG] Constructing component SCI-Vis-Chc-M03-inox_Vis Chc M3- 8-2...
[DEBUG] Component SCI-Vis-Chc-M03-inox_Vis Chc M3- 8-2 constructed.
[DEBUG] Constructing component SCI-Vis-Chc-M03-inox_Vis Chc M3-16-2...
[DEBUG] Component SCI-Vis-Chc-M03-inox_Vis Chc M3-16-2 constructed.
[DEBUG] Constructing component SCI-Ecrou_carrÚ-Q_Ecrou Q M 4-1...
[DEBUG] Component SCI-Ecrou_carrÚ-Q_Ecrou Q M 4-1 constructed.
[DEBUG] Constructing component SCI-VSS 57-E radial_Default-1...
[DEBUG] Component SCI-VSS 57-E radial_Default-1 constructed.
[DEBUG] Constructing component SCI-TT170-10-07-A-1...
[DEBUG] Component SCI-TT170-10-07-A-1 constructed.
[DEBUG] Constructing component SCI-83151012_EQUIPE_GAUCHE-1...
[DEBUG] Constructing component SCI-500091-1...
[DEBUG] Component SCI-500091-1 constructed.
[DEBUG] Constructing component SCI-83_151_012-1...
[DEBUG] Component SCI-83_151_012-1 constructed.
[DEBUG] Component SCI-83151012_EQUIPE_GAUCHE-1 constructed.
[DEBUG] Constructing component SCI-TT170-10-04-A-1...
[DEBUG] Component SCI-TT170-10-04-A-1 constructed.
[DEBUG] Constructing component SCI-Vis-Chc-M03-inox_Vis Chc M3-16-1...
[DEBUG] Component SCI-Vis-Chc-M03-inox_Vis Chc M3-16-1 constructed.
[DEBUG] Constructing component SCI-Ecrou-H-inox_Ecrou H M 2-1...
[DEBUG] Component SCI-Ecrou-H-inox_Ecrou H M 2-1 constructed.
[DEBUG] Constructing component SCI-Vis-Chc-M05-inox_Vis Chc M5-25-2...
[DEBUG] Component SCI-Vis-Chc-M05-inox_Vis Chc M5-25-2 constructed.
[DEBUG] Constructing component SCI-Ecrou_carrÚ-Q_Ecrou Q M 4-2...
[DEBUG] Component SCI-Ecrou_carrÚ-Q_Ecrou Q M 4-2 constructed.
[DEBUG] Constructing component SCI-TT170-07-13-A-1...
[DEBUG] Component SCI-TT170-07-13-A-1 constructed.
[DEBUG] Constructing component SCI-Vis-Chc-M04-inox_Vis Chc M4-35-1...
[DEBUG] Component SCI-Vis-Chc-M04-inox_Vis Chc M4-35-1 constructed.
[DEBUG] Constructing component SCI-Ecrou-H-inox_Ecrou H M 2-3...
[DEBUG] Component SCI-Ecrou-H-inox_Ecrou H M 2-3 constructed.
[DEBUG] Constructing component SCI-Ecrou-H-inox_Ecrou H M 3-3...
[DEBUG] Component SCI-Ecrou-H-inox_Ecrou H M 3-3 constructed.
[DEBUG] Constructing component SCI-Vis-Fhc-M04-inox_Vis Fhc M4- 8-3...
[DEBUG] Component SCI-Vis-Fhc-M04-inox_Vis Fhc M4- 8-3 constructed.
[DEBUG] Constructing component SCI-Vis-Chc-M02-inox_Vis Chc M2- 6-2...
[DEBUG] Component SCI-Vis-Chc-M02-inox_Vis Chc M2- 6-2 constructed.
[DEBUG] Constructing component SCI-Vis-Chc-M04-inox_Vis Chc M4-35-5...
[DEBUG] Component SCI-Vis-Chc-M04-inox_Vis Chc M4-35-5 constructed.
[DEBUG] Constructing component SCI-TT170-10-12-B_inverse-1...
[DEBUG] Component SCI-TT170-10-12-B_inverse-1 constructed.
[DEBUG] Constructing component SCI-Vis-Fhc-M04-inox_Vis Fhc M4- 8-2...
[DEBUG] Component SCI-Vis-Fhc-M04-inox_Vis Fhc M4- 8-2 constructed.
[DEBUG] Constructing component SCI-Vis-Chc-M02-inox_Vis Chc M2- 6-3...
[DEBUG] Component SCI-Vis-Chc-M02-inox_Vis Chc M2- 6-3 constructed.
[DEBUG] Constructing component SCI-Vis-Chc-M02-inox_Vis Chc M2- 6-4...
[DEBUG] Component SCI-Vis-Chc-M02-inox_Vis Chc M2- 6-4 constructed.
[DEBUG] Constructing component SCI-Vis-Chc-M05-inox_Vis Chc M5-25-6...
[DEBUG] Component SCI-Vis-Chc-M05-inox_Vis Chc M5-25-6 constructed.
[DEBUG] Constructing component SCI-Embase 4 contacts-1...
[DEBUG] Component SCI-Embase 4 contacts-1 constructed.
[DEBUG] Constructing component SCI-Vis-Chc-M03-inox_Vis Chc M3-16-4...
[DEBUG] Component SCI-Vis-Chc-M03-inox_Vis Chc M3-16-4 constructed.
[DEBUG] Constructing component SCI-Ecrou-H-inox_Ecrou H M 2-4...
[DEBUG] Component SCI-Ecrou-H-inox_Ecrou H M 2-4 constructed.
[DEBUG] Constructing component SCI-Rondelle-normale-sÚrie-Z-acier_Rondelle plate normale sÚrie Z d= 4-4...
[DEBUG] Component SCI-Rondelle-normale-sÚrie-Z-acier_Rondelle plate normale sÚrie Z d= 4-4 constructed.
[DEBUG] Constructing component SCI-Vis-Chc-M03-inox_Vis Chc M3- 8-11...
[DEBUG] Component SCI-Vis-Chc-M03-inox_Vis Chc M3- 8-11 constructed.
[DEBUG] Constructing component SCI-Vis-Chc-M05-inox_Vis Chc M5-25-7...
[DEBUG] Component SCI-Vis-Chc-M05-inox_Vis Chc M5-25-7 constructed.
[DEBUG] Constructing component SCI-Vis-Chc-M05-inox_Vis Chc M5-25-8...
[DEBUG] Component SCI-Vis-Chc-M05-inox_Vis Chc M5-25-8 constructed.
[DEBUG] Constructing component SCI-Vis-Chc-M03-inox_Vis Chc M3- 8-10...
[DEBUG] Component SCI-Vis-Chc-M03-inox_Vis Chc M3- 8-10 constructed.
[DEBUG] Constructing component SCI-83151012_EQUIPE_DROITE-1...
[DEBUG] Constructing component SCI-83_151_012-1...
[DEBUG] Component SCI-83_151_012-1 constructed.
[DEBUG] Constructing component SCI-500090-1...
[DEBUG] Component SCI-500090-1 constructed.
[DEBUG] Component SCI-83151012_EQUIPE_DROITE-1 constructed.
[DEBUG] Constructing component SCI-Vis-Chc-M05-tb-inox_Vis Chc M5-12-4...
[DEBUG] Component SCI-Vis-Chc-M05-tb-inox_Vis Chc M5-12-4 constructed.
[DEBUG] Constructing component SCI-Vis-Chc-M03-inox_Vis Chc M3- 8-12...
[DEBUG] Component SCI-Vis-Chc-M03-inox_Vis Chc M3- 8-12 constructed.
[DEBUG] Constructing component SCI-Ecrou_carrÚ-Q_Ecrou Q M 4-3...
[DEBUG] Component SCI-Ecrou_carrÚ-Q_Ecrou Q M 4-3 constructed.
[DEBUG] Constructing component SCI-Vis-Chc-M03-inox_Vis Chc M3- 8-9...
[DEBUG] Component SCI-Vis-Chc-M03-inox_Vis Chc M3- 8-9 constructed.
[DEBUG] Constructing component SCI-Ecrou_carrÚ-Q_Ecrou Q M 4-4...
[DEBUG] Component SCI-Ecrou_carrÚ-Q_Ecrou Q M 4-4 constructed.
[DEBUG] Constructing component SCI-Vis-Chc-M04-inox_Vis Chc M4-35-7...
[DEBUG] Component SCI-Vis-Chc-M04-inox_Vis Chc M4-35-7 constructed.
[DEBUG] Constructing component SCI-Ecrou-H-inox_Ecrou H M 3-4...
[DEBUG] Component SCI-Ecrou-H-inox_Ecrou H M 3-4 constructed.
[DEBUG] Constructing component SCI-Vis-Chc-M04-inox_Vis Chc M4-35-6...
[DEBUG] Component SCI-Vis-Chc-M04-inox_Vis Chc M4-35-6 constructed.
[DEBUG] Constructing component SCI-Vis-Chc-M05-tb-inox_Vis Chc M5-12-3...
[DEBUG] Component SCI-Vis-Chc-M05-tb-inox_Vis Chc M5-12-3 constructed.
[DEBUG] Constructing component SCI-Vis-Fhc-M04-inox_Vis Fhc M4- 8-4...
[DEBUG] Component SCI-Vis-Fhc-M04-inox_Vis Fhc M4- 8-4 constructed.
[DEBUG] Constructing component SCI-Vis-Chc-M04-inox_Vis Chc M4-35-8...
[DEBUG] Component SCI-Vis-Chc-M04-inox_Vis Chc M4-35-8 constructed.
[DEBUG] Component SCI-TT170-DURI_SANS PT O-1 constructed.
[DEBUG] Constructing component SCI-TT170-DURI_SANS PT O-2...
[DEBUG] Constructing component SCI-TT170-10-09-A-1...
[DEBUG] Component SCI-TT170-10-09-A-1 constructed.
[DEBUG] Constructing component SCI-Vis-Chc-M03-inox_Vis Chc M3- 8-1...
[DEBUG] Component SCI-Vis-Chc-M03-inox_Vis Chc M3- 8-1 constructed.
[DEBUG] Constructing component SCI-Vis-Chc-M03-inox_Vis Chc M3- 6-2...
[DEBUG] Component SCI-Vis-Chc-M03-inox_Vis Chc M3- 6-2 constructed.
[DEBUG] Constructing component SCI-Embase 6 contacts-1...
[DEBUG] Component SCI-Embase 6 contacts-1 constructed.
[DEBUG] Constructing component SCI-TT170-10-21-A-1...
[DEBUG] Component SCI-TT170-10-21-A-1 constructed.
[DEBUG] Constructing component SCI-Ecrou-H-inox_Ecrou H M 3-1...
[DEBUG] Component SCI-Ecrou-H-inox_Ecrou H M 3-1 constructed.
[DEBUG] Constructing component SCI-Vis-Chc-M03-inox_Vis Chc M3- 6-1...
[DEBUG] Component SCI-Vis-Chc-M03-inox_Vis Chc M3- 6-1 constructed.
[DEBUG] Constructing component SCI-R11X-J10-7N-1...
[DEBUG] Component SCI-R11X-J10-7N-1 constructed.
[DEBUG] Constructing component SCI-TT170-10-10-A-1...
[DEBUG] Component SCI-TT170-10-10-A-1 constructed.
[DEBUG] Constructing component SCI-Rondelle-normale-sÚrie-Z-acier_Rondelle plate normale sÚrie Z d= 4-1...
[DEBUG] Component SCI-Rondelle-normale-sÚrie-Z-acier_Rondelle plate normale sÚrie Z d= 4-1 constructed.
[DEBUG] Constructing component SCI-TT170-10-19-A-1...
[DEBUG] Component SCI-TT170-10-19-A-1 constructed.
[DEBUG] Constructing component SCI-Vis-Chc-M05-inox_Vis Chc M5-25-1...
[DEBUG] Component SCI-Vis-Chc-M05-inox_Vis Chc M5-25-1 constructed.
[DEBUG] Constructing component SCI-Vis-Chc-M04-inox_Vis Chc M4-35-2...
[DEBUG] Component SCI-Vis-Chc-M04-inox_Vis Chc M4-35-2 constructed.
[DEBUG] Constructing component SCI-Ecrou-H-inox_Ecrou H M 2-2...
[DEBUG] Component SCI-Ecrou-H-inox_Ecrou H M 2-2 constructed.
[DEBUG] Constructing component SCI-Vis-Chc-M03-inox_Vis Chc M3- 8-6...
[DEBUG] Component SCI-Vis-Chc-M03-inox_Vis Chc M3- 8-6 constructed.
[DEBUG] Constructing component SCI-Vis-Chc-M03-inox_Vis Chc M3- 8-4...
[DEBUG] Component SCI-Vis-Chc-M03-inox_Vis Chc M3- 8-4 constructed.
[DEBUG] Constructing component SCI-Ecrou-H-inox_Ecrou H M 3-2...
[DEBUG] Component SCI-Ecrou-H-inox_Ecrou H M 3-2 constructed.
[DEBUG] Constructing component SCI-Vis-Chc-M04-inox_Vis Chc M4-30-1...
[DEBUG] Component SCI-Vis-Chc-M04-inox_Vis Chc M4-30-1 constructed.
[DEBUG] Constructing component SCI-Rondelle-normale-sÚrie-Z-acier_Rondelle plate normale sÚrie Z d= 4-2...
[DEBUG] Component SCI-Rondelle-normale-sÚrie-Z-acier_Rondelle plate normale sÚrie Z d= 4-2 constructed.
[DEBUG] Constructing component SCI-Vis-Chc-M03-inox_Vis Chc M3- 8-5...
[DEBUG] Component SCI-Vis-Chc-M03-inox_Vis Chc M3- 8-5 constructed.
[DEBUG] Constructing component SCI-Vis-Chc-M03-inox_Vis Chc M3- 8-3...
[DEBUG] Component SCI-Vis-Chc-M03-inox_Vis Chc M3- 8-3 constructed.
[DEBUG] Constructing component SCI-Vis-Chc-M06-inox_Vis Chc M6-40-1...
[DEBUG] Component SCI-Vis-Chc-M06-inox_Vis Chc M6-40-1 constructed.
[DEBUG] Constructing component SCI-TT170-10-11-A-1...
[DEBUG] Component SCI-TT170-10-11-A-1 constructed.
[DEBUG] Constructing component SCI-TT170-10-04-A-2...
[DEBUG] Component SCI-TT170-10-04-A-2 constructed.
[DEBUG] Constructing component SCI-Vis-Chc-M05-inox_Vis Chc M5-25-3...
[DEBUG] Component SCI-Vis-Chc-M05-inox_Vis Chc M5-25-3 constructed.
[DEBUG] Constructing component SCI-Vis-Chc-M02-inox_Vis Chc M2- 6-1...
[DEBUG] Component SCI-Vis-Chc-M02-inox_Vis Chc M2- 6-1 constructed.
[DEBUG] Constructing component SCI-Goupille-cylindrique-d04-inox_Goupille cylindrique d=4-14-1...
[DEBUG] Component SCI-Goupille-cylindrique-d04-inox_Goupille cylindrique d=4-14-1 constructed.
[DEBUG] Constructing component SCI-TT170-07-12-A-1...
[DEBUG] Component SCI-TT170-07-12-A-1 constructed.
[DEBUG] Constructing component SCI-Vis-Chc-M06-inox_Vis Chc M6-40-2...
[DEBUG] Component SCI-Vis-Chc-M06-inox_Vis Chc M6-40-2 constructed.
[DEBUG] Constructing component SCI-Rondelle-normale-sÚrie-Z-acier_Rondelle plate normale sÚrie Z d= 4-3...
[DEBUG] Component SCI-Rondelle-normale-sÚrie-Z-acier_Rondelle plate normale sÚrie Z d= 4-3 constructed.
[DEBUG] Constructing component SCI-Vis-Chc-M04-inox_Vis Chc M4-35-3...
[DEBUG] Component SCI-Vis-Chc-M04-inox_Vis Chc M4-35-3 constructed.
[DEBUG] Constructing component SCI-Vis-Chc-M06-inox_Vis Chc M6-40-3...
[DEBUG] Component SCI-Vis-Chc-M06-inox_Vis Chc M6-40-3 constructed.
[DEBUG] Constructing component SCI-Vis-Chc-M05-tb-inox_Vis Chc M5-12-1...
[DEBUG] Component SCI-Vis-Chc-M05-tb-inox_Vis Chc M5-12-1 constructed.
[DEBUG] Constructing component SCI-Vis-Chc-M03-inox_Vis Chc M3- 8-7...
[DEBUG] Component SCI-Vis-Chc-M03-inox_Vis Chc M3- 8-7 constructed.
[DEBUG] Constructing component SCI-Vis-Chc-M05-inox_Vis Chc M5-25-4...
[DEBUG] Component SCI-Vis-Chc-M05-inox_Vis Chc M5-25-4 constructed.
[DEBUG] Constructing component SCI-Vis-Chc-M04-inox_Vis Chc M4-30-2...
[DEBUG] Component SCI-Vis-Chc-M04-inox_Vis Chc M4-30-2 constructed.
[DEBUG] Constructing component SCI-Vis-Chc-M03-inox_Vis Chc M3- 6-3...
[DEBUG] Component SCI-Vis-Chc-M03-inox_Vis Chc M3- 6-3 constructed.
[DEBUG] Constructing component SCI-TT170-10-14-A-1...
[DEBUG] Component SCI-TT170-10-14-A-1 constructed.
[DEBUG] Constructing component SCI-Embase 5 contacts-1...
[DEBUG] Component SCI-Embase 5 contacts-1 constructed.
[DEBUG] Constructing component SCI-Vis-Fhc-M04-inox_Vis Fhc M4- 8-1...
[DEBUG] Component SCI-Vis-Fhc-M04-inox_Vis Fhc M4- 8-1 constructed.
[DEBUG] Constructing component SCI-Vis-Chc-M05-inox_Vis Chc M5-25-5...
[DEBUG] Component SCI-Vis-Chc-M05-inox_Vis Chc M5-25-5 constructed.
[DEBUG] Constructing component SCI-TT170-00-05-A-1...
[DEBUG] Component SCI-TT170-00-05-A-1 constructed.
[DEBUG] Constructing component SCI-Vis-Chc-M03-inox_Vis Chc M3- 6-4...
[DEBUG] Component SCI-Vis-Chc-M03-inox_Vis Chc M3- 6-4 constructed.
[DEBUG] Constructing component SCI-Vis-Chc-M03-inox_Vis Chc M3- 8-8...
[DEBUG] Component SCI-Vis-Chc-M03-inox_Vis Chc M3- 8-8 constructed.
[DEBUG] Constructing component SCI-Vis-Chc-M05-tb-inox_Vis Chc M5-12-2...
[DEBUG] Component SCI-Vis-Chc-M05-tb-inox_Vis Chc M5-12-2 constructed.
[DEBUG] Constructing component SCI-TT170-10-21-A-2...
[DEBUG] Component SCI-TT170-10-21-A-2 constructed.
[DEBUG] Constructing component SCI-TT170-10-06-A_Course 200-1...
[DEBUG] Component SCI-TT170-10-06-A_Course 200-1 constructed.
[DEBUG] Constructing component SCI-Vis-Chc-M04-inox_Vis Chc M4-35-4...
[DEBUG] Component SCI-Vis-Chc-M04-inox_Vis Chc M4-35-4 constructed.
[DEBUG] Constructing component SCI-500077_MOLETTE_Ï56xÏ6.35-1...
[DEBUG] Component SCI-500077_MOLETTE_Ï56xÏ6.35-1 constructed.
[DEBUG] Constructing component SCI-Vis-Chc-M03-inox_Vis Chc M3-16-3...
[DEBUG] Component SCI-Vis-Chc-M03-inox_Vis Chc M3-16-3 constructed.
[DEBUG] Constructing component SCI-Vis-Chc-M06-inox_Vis Chc M6-40-4...
[DEBUG] Component SCI-Vis-Chc-M06-inox_Vis Chc M6-40-4 constructed.
[DEBUG] Constructing component SCI-Vis-Chc-M03-inox_Vis Chc M3- 8-2...
[DEBUG] Component SCI-Vis-Chc-M03-inox_Vis Chc M3- 8-2 constructed.
[DEBUG] Constructing component SCI-Vis-Chc-M03-inox_Vis Chc M3-16-2...
[DEBUG] Component SCI-Vis-Chc-M03-inox_Vis Chc M3-16-2 constructed.
[DEBUG] Constructing component SCI-Ecrou_carrÚ-Q_Ecrou Q M 4-1...
[DEBUG] Component SCI-Ecrou_carrÚ-Q_Ecrou Q M 4-1 constructed.
[DEBUG] Constructing component SCI-VSS 57-E radial_Default-1...
[DEBUG] Component SCI-VSS 57-E radial_Default-1 constructed.
[DEBUG] Constructing component SCI-TT170-10-07-A-1...
[DEBUG] Component SCI-TT170-10-07-A-1 constructed.
[DEBUG] Constructing component SCI-83151012_EQUIPE_GAUCHE-1...
[DEBUG] Constructing component SCI-500091-1...
[DEBUG] Component SCI-500091-1 constructed.
[DEBUG] Constructing component SCI-83_151_012-1...
[DEBUG] Component SCI-83_151_012-1 constructed.
[DEBUG] Component SCI-83151012_EQUIPE_GAUCHE-1 constructed.
[DEBUG] Constructing component SCI-TT170-10-04-A-1...
[DEBUG] Component SCI-TT170-10-04-A-1 constructed.
[DEBUG] Constructing component SCI-Vis-Chc-M03-inox_Vis Chc M3-16-1...
[DEBUG] Component SCI-Vis-Chc-M03-inox_Vis Chc M3-16-1 constructed.
[DEBUG] Constructing component SCI-Ecrou-H-inox_Ecrou H M 2-1...
[DEBUG] Component SCI-Ecrou-H-inox_Ecrou H M 2-1 constructed.
[DEBUG] Constructing component SCI-Vis-Chc-M05-inox_Vis Chc M5-25-2...
[DEBUG] Component SCI-Vis-Chc-M05-inox_Vis Chc M5-25-2 constructed.
[DEBUG] Constructing component SCI-Ecrou_carrÚ-Q_Ecrou Q M 4-2...
[DEBUG] Component SCI-Ecrou_carrÚ-Q_Ecrou Q M 4-2 constructed.
[DEBUG] Constructing component SCI-TT170-07-13-A-1...
[DEBUG] Component SCI-TT170-07-13-A-1 constructed.
[DEBUG] Constructing component SCI-Vis-Chc-M04-inox_Vis Chc M4-35-1...
[DEBUG] Component SCI-Vis-Chc-M04-inox_Vis Chc M4-35-1 constructed.
[DEBUG] Constructing component SCI-Ecrou-H-inox_Ecrou H M 2-3...
[DEBUG] Component SCI-Ecrou-H-inox_Ecrou H M 2-3 constructed.
[DEBUG] Constructing component SCI-Ecrou-H-inox_Ecrou H M 3-3...
[DEBUG] Component SCI-Ecrou-H-inox_Ecrou H M 3-3 constructed.
[DEBUG] Constructing component SCI-Vis-Fhc-M04-inox_Vis Fhc M4- 8-3...
[DEBUG] Component SCI-Vis-Fhc-M04-inox_Vis Fhc M4- 8-3 constructed.
[DEBUG] Constructing component SCI-Vis-Chc-M02-inox_Vis Chc M2- 6-2...
[DEBUG] Component SCI-Vis-Chc-M02-inox_Vis Chc M2- 6-2 constructed.
[DEBUG] Constructing component SCI-Vis-Chc-M04-inox_Vis Chc M4-35-5...
[DEBUG] Component SCI-Vis-Chc-M04-inox_Vis Chc M4-35-5 constructed.
[DEBUG] Constructing component SCI-TT170-10-12-B_inverse-1...
[DEBUG] Component SCI-TT170-10-12-B_inverse-1 constructed.
[DEBUG] Constructing component SCI-Vis-Fhc-M04-inox_Vis Fhc M4- 8-2...
[DEBUG] Component SCI-Vis-Fhc-M04-inox_Vis Fhc M4- 8-2 constructed.
[DEBUG] Constructing component SCI-Vis-Chc-M02-inox_Vis Chc M2- 6-3...
[DEBUG] Component SCI-Vis-Chc-M02-inox_Vis Chc M2- 6-3 constructed.
[DEBUG] Constructing component SCI-Vis-Chc-M02-inox_Vis Chc M2- 6-4...
[DEBUG] Component SCI-Vis-Chc-M02-inox_Vis Chc M2- 6-4 constructed.
[DEBUG] Constructing component SCI-Vis-Chc-M05-inox_Vis Chc M5-25-6...
[DEBUG] Component SCI-Vis-Chc-M05-inox_Vis Chc M5-25-6 constructed.
[DEBUG] Constructing component SCI-Embase 4 contacts-1...
[DEBUG] Component SCI-Embase 4 contacts-1 constructed.
[DEBUG] Constructing component SCI-Vis-Chc-M03-inox_Vis Chc M3-16-4...
[DEBUG] Component SCI-Vis-Chc-M03-inox_Vis Chc M3-16-4 constructed.
[DEBUG] Constructing component SCI-Ecrou-H-inox_Ecrou H M 2-4...
[DEBUG] Component SCI-Ecrou-H-inox_Ecrou H M 2-4 constructed.
[DEBUG] Constructing component SCI-Rondelle-normale-sÚrie-Z-acier_Rondelle plate normale sÚrie Z d= 4-4...
[DEBUG] Component SCI-Rondelle-normale-sÚrie-Z-acier_Rondelle plate normale sÚrie Z d= 4-4 constructed.
[DEBUG] Constructing component SCI-Vis-Chc-M03-inox_Vis Chc M3- 8-11...
[DEBUG] Component SCI-Vis-Chc-M03-inox_Vis Chc M3- 8-11 constructed.
[DEBUG] Constructing component SCI-Vis-Chc-M05-inox_Vis Chc M5-25-7...
[DEBUG] Component SCI-Vis-Chc-M05-inox_Vis Chc M5-25-7 constructed.
[DEBUG] Constructing component SCI-Vis-Chc-M05-inox_Vis Chc M5-25-8...
[DEBUG] Component SCI-Vis-Chc-M05-inox_Vis Chc M5-25-8 constructed.
[DEBUG] Constructing component SCI-Vis-Chc-M03-inox_Vis Chc M3- 8-10...
[DEBUG] Component SCI-Vis-Chc-M03-inox_Vis Chc M3- 8-10 constructed.
[DEBUG] Constructing component SCI-83151012_EQUIPE_DROITE-1...
[DEBUG] Constructing component SCI-83_151_012-1...
[DEBUG] Component SCI-83_151_012-1 constructed.
[DEBUG] Constructing component SCI-500090-1...
[DEBUG] Component SCI-500090-1 constructed.
[DEBUG] Component SCI-83151012_EQUIPE_DROITE-1 constructed.
[DEBUG] Constructing component SCI-Vis-Chc-M05-tb-inox_Vis Chc M5-12-4...
[DEBUG] Component SCI-Vis-Chc-M05-tb-inox_Vis Chc M5-12-4 constructed.
[DEBUG] Constructing component SCI-Vis-Chc-M03-inox_Vis Chc M3- 8-12...
[DEBUG] Component SCI-Vis-Chc-M03-inox_Vis Chc M3- 8-12 constructed.
[DEBUG] Constructing component SCI-Ecrou_carrÚ-Q_Ecrou Q M 4-3...
[DEBUG] Component SCI-Ecrou_carrÚ-Q_Ecrou Q M 4-3 constructed.
[DEBUG] Constructing component SCI-Vis-Chc-M03-inox_Vis Chc M3- 8-9...
[DEBUG] Component SCI-Vis-Chc-M03-inox_Vis Chc M3- 8-9 constructed.
[DEBUG] Constructing component SCI-Ecrou_carrÚ-Q_Ecrou Q M 4-4...
[DEBUG] Component SCI-Ecrou_carrÚ-Q_Ecrou Q M 4-4 constructed.
[DEBUG] Constructing component SCI-Vis-Chc-M04-inox_Vis Chc M4-35-7...
[DEBUG] Component SCI-Vis-Chc-M04-inox_Vis Chc M4-35-7 constructed.
[DEBUG] Constructing component SCI-Ecrou-H-inox_Ecrou H M 3-4...
[DEBUG] Component SCI-Ecrou-H-inox_Ecrou H M 3-4 constructed.
[DEBUG] Constructing component SCI-Vis-Chc-M04-inox_Vis Chc M4-35-6...
[DEBUG] Component SCI-Vis-Chc-M04-inox_Vis Chc M4-35-6 constructed.
[DEBUG] Constructing component SCI-Vis-Chc-M05-tb-inox_Vis Chc M5-12-3...
[DEBUG] Component SCI-Vis-Chc-M05-tb-inox_Vis Chc M5-12-3 constructed.
[DEBUG] Constructing component SCI-Vis-Fhc-M04-inox_Vis Fhc M4- 8-4...
[DEBUG] Component SCI-Vis-Fhc-M04-inox_Vis Fhc M4- 8-4 constructed.
[DEBUG] Constructing component SCI-Vis-Chc-M04-inox_Vis Chc M4-35-8...
[DEBUG] Component SCI-Vis-Chc-M04-inox_Vis Chc M4-35-8 constructed.
[DEBUG] Component SCI-TT170-DURI_SANS PT O-2 constructed.
[DEBUG] Constructing component SCI-RT120_00_00-A_DURCI-1...
[DEBUG] Constructing component SCI-RT120_00_01-A-1...
[DEBUG] Component SCI-RT120_00_01-A-1 constructed.
[DEBUG] Constructing component SCI-Vis-Chc-M03-inox_Vis Chc M3- 8-2...
[DEBUG] Component SCI-Vis-Chc-M03-inox_Vis Chc M3- 8-2 constructed.
[DEBUG] Constructing component SCI-BILLE_D4-1...
[DEBUG] Component SCI-BILLE_D4-1 constructed.
[DEBUG] Constructing component SCI-83151012_EQUIPE_DROITE-1...
[DEBUG] Constructing component SCI-83_151_012-1...
[DEBUG] Component SCI-83_151_012-1 constructed.
[DEBUG] Constructing component SCI-500090-1...
[DEBUG] Component SCI-500090-1 constructed.
[DEBUG] Component SCI-83151012_EQUIPE_DROITE-1 constructed.
[DEBUG] Constructing component SCI-VSS 52-E radial-1...
[DEBUG] Component SCI-VSS 52-E radial-1 constructed.
[DEBUG] Constructing component SCI-Vis-Chc-M03-inox_Vis Chc M3-12-2...
[DEBUG] Component SCI-Vis-Chc-M03-inox_Vis Chc M3-12-2 constructed.
[DEBUG] Constructing component SCI-Embase 5 contacts-1...
[DEBUG] Component SCI-Embase 5 contacts-1 constructed.
[DEBUG] Constructing component SCI-Vis-Chc-M03-inox_Vis Chc M3- 8-1...
[DEBUG] Component SCI-Vis-Chc-M03-inox_Vis Chc M3- 8-1 constructed.
[DEBUG] Constructing component SCI-Rlts 1 rangÚe de billes contact oblique d=55 - RÚf.71911CD_71911_CD (D=80 L=13)-1...
[DEBUG] Component SCI-Rlts 1 rangÚe de billes contact oblique d=55 - RÚf.71911CD_71911_CD (D=80 L=13)-1 constructed.
[DEBUG] Constructing component SCI-Rlts 1 rangÚe de billes contact oblique d=55 - RÚf.71911CD_71911_CD (D=80 L=13)-2...
[DEBUG] Component SCI-Rlts 1 rangÚe de billes contact oblique d=55 - RÚf.71911CD_71911_CD (D=80 L=13)-2 constructed.
[DEBUG] Constructing component SCI-Embase 4 contacts-1...
[DEBUG] Component SCI-Embase 4 contacts-1 constructed.
[DEBUG] Constructing component SCI-R7_00_025_A-1...
[DEBUG] Component SCI-R7_00_025_A-1 constructed.
[DEBUG] Constructing component SCI-ECROU_M8x1-1...
[DEBUG] Component SCI-ECROU_M8x1-1 constructed.
[DEBUG] Constructing component SCI-Embase 6 contacts-1...
[DEBUG] Component SCI-Embase 6 contacts-1 constructed.
[DEBUG] Constructing component SCI-Vis-Chc-M03-inox_Vis Chc M3-12-5...
[DEBUG] Component SCI-Vis-Chc-M03-inox_Vis Chc M3-12-5 constructed.
[DEBUG] Constructing component SCI-R11X-J10-7N-1...
[DEBUG] Component SCI-R11X-J10-7N-1 constructed.
[DEBUG] Constructing component SCI-RT120_00_11-A-1...
[DEBUG] Component SCI-RT120_00_11-A-1 constructed.
[DEBUG] Constructing component SCI-Vis-Chc-M03-inox_Vis Chc M3-12-4...
[DEBUG] Component SCI-Vis-Chc-M03-inox_Vis Chc M3-12-4 constructed.
[DEBUG] Constructing component SCI-Vis-Chc-M03-inox_Vis Chc M3-12-1...
[DEBUG] Component SCI-Vis-Chc-M03-inox_Vis Chc M3-12-1 constructed.
[DEBUG] Constructing component SCI-PiÞce11^RT120_00_00-A-1...
[DEBUG] Component SCI-PiÞce11^RT120_00_00-A-1 constructed.
[DEBUG] Constructing component SCI-DECLENCHEUR_RT80-2...
[DEBUG] Constructing component SCI-Vis-Chc-M02,5-inox_Vis Chc M2.5-12-1...
[DEBUG] Component SCI-Vis-Chc-M02,5-inox_Vis Chc M2.5-12-1 constructed.
[DEBUG] Constructing component SCI-RT80_00_22-A-1...
[DEBUG] Component SCI-RT80_00_22-A-1 constructed.
[DEBUG] Constructing component SCI-RT80_00_21-A-1...
[DEBUG] Component SCI-RT80_00_21-A-1 constructed.
[DEBUG] Component SCI-DECLENCHEUR_RT80-2 constructed.
[DEBUG] Constructing component SCI-RT200_10_03-B-1...
[DEBUG] Component SCI-RT200_10_03-B-1 constructed.
[DEBUG] Constructing component SCI-Vis-Chc-M03-inox_Vis Chc M3-12-9...
[DEBUG] Component SCI-Vis-Chc-M03-inox_Vis Chc M3-12-9 constructed.
[DEBUG] Constructing component SCI-Vis-Chc-M03-inox_Vis Chc M3-12-8...
[DEBUG] Component SCI-Vis-Chc-M03-inox_Vis Chc M3-12-8 constructed.
[DEBUG] Constructing component SCI-83151012_EQUIPE_GAUCHE-1...
[DEBUG] Constructing component SCI-500091-1...
[DEBUG] Component SCI-500091-1 constructed.
[DEBUG] Constructing component SCI-83_151_012-1...
[DEBUG] Component SCI-83_151_012-1 constructed.
[DEBUG] Component SCI-83151012_EQUIPE_GAUCHE-1 constructed.
[DEBUG] Constructing component SCI-R7_00_030_A-1...
[DEBUG] Component SCI-R7_00_030_A-1 constructed.
[DEBUG] Constructing component SCI-Vis-Chc-M04-inox_Vis Chc M4-10-1...
[DEBUG] Component SCI-Vis-Chc-M04-inox_Vis Chc M4-10-1 constructed.
[DEBUG] Constructing component SCI-RT120_00_05-A-1...
[DEBUG] Component SCI-RT120_00_05-A-1 constructed.
[DEBUG] Constructing component SCI-Rlts 1 rangÚe de billes ct oblique d=5_d=16_RA_8220X-Ï8xÏ22x7-1...
[DEBUG] Component SCI-Rlts 1 rangÚe de billes ct oblique d=5_d=16_RA_8220X-Ï8xÏ22x7-1 constructed.
[DEBUG] Constructing component SCI-Vis-Chc-M03-inox_Vis Chc M3-12-7...
[DEBUG] Component SCI-Vis-Chc-M03-inox_Vis Chc M3-12-7 constructed.
[DEBUG] Constructing component SCI-Vis-Chc-M03-inox_Vis Chc M3-12-6...
[DEBUG] Component SCI-Vis-Chc-M03-inox_Vis Chc M3-12-6 constructed.
[DEBUG] Constructing component SCI-TT170-10-12-B_inverse-1...
[DEBUG] Component SCI-TT170-10-12-B_inverse-1 constructed.
[DEBUG] Constructing component SCI-DECLENCHEUR_RT80-1...
[DEBUG] Constructing component SCI-Vis-Chc-M02,5-inox_Vis Chc M2.5-12-1...
[DEBUG] Component SCI-Vis-Chc-M02,5-inox_Vis Chc M2.5-12-1 constructed.
[DEBUG] Constructing component SCI-RT80_00_22-A-1...
[DEBUG] Component SCI-RT80_00_22-A-1 constructed.
[DEBUG] Constructing component SCI-RT80_00_21-A-1...
[DEBUG] Component SCI-RT80_00_21-A-1 constructed.
[DEBUG] Component SCI-DECLENCHEUR_RT80-1 constructed.
[DEBUG] Constructing component SCI-RT120_00_03-A-1...
[DEBUG] Component SCI-RT120_00_03-A-1 constructed.
[DEBUG] Constructing component SCI-RT120_00_08-A-1...
[DEBUG] Component SCI-RT120_00_08-A-1 constructed.
[DEBUG] Constructing component SCI-BILLE_D4-2...
[DEBUG] Component SCI-BILLE_D4-2 constructed.
[DEBUG] Constructing component SCI-RT120_00_07-A-1...
[DEBUG] Component SCI-RT120_00_07-A-1 constructed.
[DEBUG] Constructing component SCI-Rlts 1 rangÚe de billes ct oblique d=5_d=16_RA_8220X-Ï8xÏ22x7-2...
[DEBUG] Component SCI-Rlts 1 rangÚe de billes ct oblique d=5_d=16_RA_8220X-Ï8xÏ22x7-2 constructed.
[DEBUG] Constructing component SCI-RT120_00_10-A-1...
[DEBUG] Component SCI-RT120_00_10-A-1 constructed.
[DEBUG] Constructing component SCI-Rlts 1 rangÚe de billes contact radial d=5_619_5 (D=13 L=4)-1...
[DEBUG] Component SCI-Rlts 1 rangÚe de billes contact radial d=5_619_5 (D=13 L=4)-1 constructed.
[DEBUG] Constructing component SCI-R7_00_026_A-1...
[DEBUG] Component SCI-R7_00_026_A-1 constructed.
[DEBUG] Constructing component SCI-R7_00_027_A-1...
[DEBUG] Component SCI-R7_00_027_A-1 constructed.
[DEBUG] Constructing component SCI-RT120_00_09-A_Vis sans tÛte Ó bout plat Hc M8-20-1...
[DEBUG] Component SCI-RT120_00_09-A_Vis sans tÛte Ó bout plat Hc M8-20-1 constructed.
[DEBUG] Constructing component SCI-Ressort C075.100.0125-1...
[DEBUG] Component SCI-Ressort C075.100.0125-1 constructed.
[DEBUG] Constructing component SCI-RT120_00_06-A-1...
[DEBUG] Component SCI-RT120_00_06-A-1 constructed.
[DEBUG] Constructing component SCI-RT120_00_04-A-1...
[DEBUG] Component SCI-RT120_00_04-A-1 constructed.
[DEBUG] Constructing component SCI-Vis-Chc-M03-inox_Vis Chc M3-12-11...
[DEBUG] Component SCI-Vis-Chc-M03-inox_Vis Chc M3-12-11 constructed.
[DEBUG] Component SCI-RT120_00_00-A_DURCI-1 constructed.
[DEBUG] Constructing component SCI-INTERFACE_TT-TT-1...
[DEBUG] Component SCI-INTERFACE_TT-TT-1 constructed.
[DEBUG] Constructing component SCI-0516_02_01-A-1...
[DEBUG] Component SCI-0516_02_01-A-1 constructed.
[DEBUG] Constructing component SCI-RT200_DURCI_SANS PT 0-1...
[DEBUG] Constructing component SCI-RT200_10_03-B-1...
[DEBUG] Component SCI-RT200_10_03-B-1 constructed.
[DEBUG] Constructing component SCI-Embase 5 contacts-1...
[DEBUG] Component SCI-Embase 5 contacts-1 constructed.
[DEBUG] Constructing component SCI-Vis-Chc-M05-inox_Vis Chc M5-16-5...
[DEBUG] Component SCI-Vis-Chc-M05-inox_Vis Chc M5-16-5 constructed.
[DEBUG] Constructing component SCI-RT200_00_14-A-1...
[DEBUG] Component SCI-RT200_00_14-A-1 constructed.
[DEBUG] Constructing component SCI-Vis-Chc-M05-inox_Vis Chc M5-16-6...
[DEBUG] Component SCI-Vis-Chc-M05-inox_Vis Chc M5-16-6 constructed.
[DEBUG] Constructing component SCI-Vis-Chc-M05-inox_Vis Chc M5-16-2...
[DEBUG] Component SCI-Vis-Chc-M05-inox_Vis Chc M5-16-2 constructed.
[DEBUG] Constructing component SCI-Vis-Chc-M05-inox_Vis Chc M5-16-3...
[DEBUG] Component SCI-Vis-Chc-M05-inox_Vis Chc M5-16-3 constructed.
[DEBUG] Constructing component SCI-Vis-Chc-M05-inox_Vis Chc M5-16-1...
[DEBUG] Component SCI-Vis-Chc-M05-inox_Vis Chc M5-16-1 constructed.
[DEBUG] Constructing component SCI-Vis-Chc-M05-inox_Vis Chc M5-16-4...
[DEBUG] Component SCI-Vis-Chc-M05-inox_Vis Chc M5-16-4 constructed.
[DEBUG] Constructing component SCI-Vis-Chc-M05-inox_Vis Chc M5-16-7...
[DEBUG] Component SCI-Vis-Chc-M05-inox_Vis Chc M5-16-7 constructed.
[DEBUG] Constructing component SCI-5-01-000-dÚclencheur-2...
[DEBUG] Constructing component SCI-Vis-Chc-M02,5-inox_Vis Chc M2.5-16-1...
[DEBUG] Component SCI-Vis-Chc-M02,5-inox_Vis Chc M2.5-16-1 constructed.
[DEBUG] Constructing component SCI-5-01-001-corps dÚclencheur-1...
[DEBUG] Component SCI-5-01-001-corps dÚclencheur-1 constructed.
[DEBUG] Constructing component SCI-5-01-002-Ecrou dÚclencheur-1...
[DEBUG] Component SCI-5-01-002-Ecrou dÚclencheur-1 constructed.
[DEBUG] Component SCI-5-01-000-dÚclencheur-2 constructed.
[DEBUG] Constructing component SCI-R11X-J10-7N-1...
[DEBUG] Component SCI-R11X-J10-7N-1 constructed.
[DEBUG] Constructing component SCI-500077_MOLETTE_Ï56xÏ6.35-1...
[DEBUG] Component SCI-500077_MOLETTE_Ï56xÏ6.35-1 constructed.
[DEBUG] Constructing component SCI-Vis-Chc-M05-inox_Vis Chc M5-16-10...
[DEBUG] Component SCI-Vis-Chc-M05-inox_Vis Chc M5-16-10 constructed.
[DEBUG] Constructing component SCI-RT200_00_13-A-1...
[DEBUG] Component SCI-RT200_00_13-A-1 constructed.
[DEBUG] Constructing component SCI-Embase 6 contacts-1...
[DEBUG] Component SCI-Embase 6 contacts-1 constructed.
[DEBUG] Constructing component SCI-RT200_00_15-A-1...
[DEBUG] Component SCI-RT200_00_15-A-1 constructed.
[DEBUG] Constructing component SCI-Vis-Chc-M05-inox_Vis Chc M5-16-13...
[DEBUG] Component SCI-Vis-Chc-M05-inox_Vis Chc M5-16-13 constructed.
[DEBUG] Constructing component SCI-RT200_11_02-B_Default-1...
[DEBUG] Component SCI-RT200_11_02-B_Default-1 constructed.
[DEBUG] Constructing component SCI-Vis-Chc-M05-inox_Vis Chc M5-16-14...
[DEBUG] Component SCI-Vis-Chc-M05-inox_Vis Chc M5-16-14 constructed.
[DEBUG] Constructing component SCI-835600xx-1...
[DEBUG] Component SCI-835600xx-1 constructed.
[DEBUG] Constructing component SCI-RT200_10_02-A_CODEUR AMCI-1...
[DEBUG] Component SCI-RT200_10_02-A_CODEUR AMCI-1 constructed.
[DEBUG] Constructing component SCI-83560011-1...
[DEBUG] Component SCI-83560011-1 constructed.
[DEBUG] Constructing component SCI-Vis-Chc-M05-inox_Vis Chc M5-16-8...
[DEBUG] Component SCI-Vis-Chc-M05-inox_Vis Chc M5-16-8 constructed.
[DEBUG] Constructing component SCI-RT200_00_01-B-1...
[DEBUG] Component SCI-RT200_00_01-B-1 constructed.
[DEBUG] Constructing component SCI-Vis-Chc-M05-inox_Vis Chc M5-16-15...
[DEBUG] Component SCI-Vis-Chc-M05-inox_Vis Chc M5-16-15 constructed.
[DEBUG] Constructing component SCI-Vis-Chc-M05-inox_Vis Chc M5-16-9...
[DEBUG] Component SCI-Vis-Chc-M05-inox_Vis Chc M5-16-9 constructed.
[DEBUG] Constructing component SCI-VSS 57-E radial_Default-1...
[DEBUG] Component SCI-VSS 57-E radial_Default-1 constructed.
[DEBUG] Constructing component SCI-Embase 4 contacts-1...
[DEBUG] Component SCI-Embase 4 contacts-1 constructed.
[DEBUG] Constructing component SCI-Vis-sans-tÛte-Ó-bout-pointeau-Hc-M03-inox_Vis sans tÛte Ó bout pointeau Hc M3-10-1...
[DEBUG] Component SCI-Vis-sans-tÛte-Ó-bout-pointeau-Hc-M03-inox_Vis sans tÛte Ó bout pointeau Hc M3-10-1 constructed.
[DEBUG] Constructing component SCI-RT200_00_02-A-1...
[DEBUG] Component SCI-RT200_00_02-A-1 constructed.
[DEBUG] Constructing component SCI-RT200_00_03-A-1...
[DEBUG] Component SCI-RT200_00_03-A-1 constructed.
[DEBUG] Constructing component SCI-5-01-000-dÚclencheur-1...
[DEBUG] Constructing component SCI-Vis-Chc-M02,5-inox_Vis Chc M2.5-16-1...
[DEBUG] Component SCI-Vis-Chc-M02,5-inox_Vis Chc M2.5-16-1 constructed.
[DEBUG] Constructing component SCI-5-01-001-corps dÚclencheur-1...
[DEBUG] Component SCI-5-01-001-corps dÚclencheur-1 constructed.
[DEBUG] Constructing component SCI-5-01-002-Ecrou dÚclencheur-1...
[DEBUG] Component SCI-5-01-002-Ecrou dÚclencheur-1 constructed.
[DEBUG] Component SCI-5-01-000-dÚclencheur-1 constructed.
[DEBUG] Constructing component SCI-Vis-Chc-M05-inox_Vis Chc M5-16-12...
[DEBUG] Component SCI-Vis-Chc-M05-inox_Vis Chc M5-16-12 constructed.
[DEBUG] Constructing component SCI-Vis-Chc-M05-inox_Vis Chc M5-16-11...
[DEBUG] Component SCI-Vis-Chc-M05-inox_Vis Chc M5-16-11 constructed.
[DEBUG] Constructing component SCI-Vis-Chc-M05-inox_Vis Chc M5-16-16...
[DEBUG] Component SCI-Vis-Chc-M05-inox_Vis Chc M5-16-16 constructed.
[DEBUG] Constructing component SCI-Ressort HPC 1.25 x Ï9.25 x 15 - RÚf.CD2215-1...
[DEBUG] Component SCI-Ressort HPC 1.25 x Ï9.25 x 15 - RÚf.CD2215-1 constructed.
[DEBUG] Component SCI-RT200_DURCI_SANS PT 0-1 constructed.
[DEBUG] Constructing component SCI-BG206-DURCI_SANS PT 0-1...
[DEBUG] Constructing component SCI-Vis-Chc-M05-inox_Vis Chc M5-12-2...
[DEBUG] Component SCI-Vis-Chc-M05-inox_Vis Chc M5-12-2 constructed.
[DEBUG] Constructing component SCI-BG206_00_03-A-1...
[DEBUG] Component SCI-BG206_00_03-A-1 constructed.
[DEBUG] Constructing component SCI-BG206_00_07-A-1...
[DEBUG] Component SCI-BG206_00_07-A-1 constructed.
[DEBUG] Constructing component SCI-Embase 4 contacts-1...
[DEBUG] Component SCI-Embase 4 contacts-1 constructed.
[DEBUG] Constructing component SCI-Vis-Chc-M05-inox_Vis Chc M5-12-1...
[DEBUG] Component SCI-Vis-Chc-M05-inox_Vis Chc M5-12-1 constructed.
[DEBUG] Constructing component SCI-Vis-sans-tÛte-Ó-bout-plat-Hc-M03-inox_Vis sans tÛte Ó bout plat Hc M3- 8-1...
[DEBUG] Component SCI-Vis-sans-tÛte-Ó-bout-plat-Hc-M03-inox_Vis sans tÛte Ó bout plat Hc M3- 8-1 constructed.
[DEBUG] Constructing component SCI-R11X-J10-7N-1...
[DEBUG] Component SCI-R11X-J10-7N-1 constructed.
[DEBUG] Constructing component SCI-Vis-Chc-M05-inox_Vis Chc M5-12-5...
[DEBUG] Component SCI-Vis-Chc-M05-inox_Vis Chc M5-12-5 constructed.
[DEBUG] Constructing component SCI-BG206_12_01-A-1...
[DEBUG] Component SCI-BG206_12_01-A-1 constructed.
[DEBUG] Constructing component SCI-BG206_00_02-A-1...
[DEBUG] Component SCI-BG206_00_02-A-1 constructed.
[DEBUG] Constructing component SCI-VSS 57-E radial_Default-1...
[DEBUG] Component SCI-VSS 57-E radial_Default-1 constructed.
[DEBUG] Constructing component SCI-Vis-Chc-M05-inox_Vis Chc M5-12-3...
[DEBUG] Component SCI-Vis-Chc-M05-inox_Vis Chc M5-12-3 constructed.
[DEBUG] Constructing component SCI-Vis-Chc-M05-inox_Vis Chc M5-12-4...
[DEBUG] Component SCI-Vis-Chc-M05-inox_Vis Chc M5-12-4 constructed.
[DEBUG] Constructing component SCI-Vis-Chc-M05-inox_Vis Chc M5-12-6...
[DEBUG] Component SCI-Vis-Chc-M05-inox_Vis Chc M5-12-6 constructed.
[DEBUG] Constructing component SCI-BG206_11_04-A-1...
[DEBUG] Component SCI-BG206_11_04-A-1 constructed.
[DEBUG] Constructing component SCI-BG206_11_03-A-1...
[DEBUG] Component SCI-BG206_11_03-A-1 constructed.
[DEBUG] Constructing component SCI-BG206_12_07-A-1...
[DEBUG] Component SCI-BG206_12_07-A-1 constructed.
[DEBUG] Constructing component SCI-Goupille-cylindrique-d05-inox_Goupille cylindrique d=5-12-1...
[DEBUG] Component SCI-Goupille-cylindrique-d05-inox_Goupille cylindrique d=5-12-1 constructed.
[DEBUG] Constructing component SCI-Embase 6 contacts-1...
[DEBUG] Component SCI-Embase 6 contacts-1 constructed.
[DEBUG] Constructing component SCI-Vis-Chc-M05-inox_Vis Chc M5-12-7...
[DEBUG] Component SCI-Vis-Chc-M05-inox_Vis Chc M5-12-7 constructed.
[DEBUG] Constructing component SCI-BG206_12_07-A-2...
[DEBUG] Component SCI-BG206_12_07-A-2 constructed.
[DEBUG] Constructing component SCI-BG206_00_01-A-1...
[DEBUG] Component SCI-BG206_00_01-A-1 constructed.
[DEBUG] Constructing component SCI-Vis-Chc-M05-inox_Vis Chc M5-12-8...
[DEBUG] Component SCI-Vis-Chc-M05-inox_Vis Chc M5-12-8 constructed.
[DEBUG] Constructing component SCI-BG206_11_08-A-1...
[DEBUG] Component SCI-BG206_11_08-A-1 constructed.
[DEBUG] Constructing component SCI-Vis-Chc-M05-inox_Vis Chc M5-12-9...
[DEBUG] Component SCI-Vis-Chc-M05-inox_Vis Chc M5-12-9 constructed.
[DEBUG] Constructing component SCI-Embase 5 contacts-1...
[DEBUG] Component SCI-Embase 5 contacts-1 constructed.
[DEBUG] Constructing component SCI-500077_MOLETTE_Ï56xÏ6.35-1...
[DEBUG] Component SCI-500077_MOLETTE_Ï56xÏ6.35-1 constructed.
[DEBUG] Constructing component SCI-Vis-Chc-M05-inox_Vis Chc M5-12-10...
[DEBUG] Component SCI-Vis-Chc-M05-inox_Vis Chc M5-12-10 constructed.
[DEBUG] Component SCI-BG206-DURCI_SANS PT 0-1 constructed.
[DEBUG] Constructing component SCI-Platine gonio-1...
[DEBUG] Component SCI-Platine gonio-1 constructed.
[DEBUG] Component SCI-11-06-16-ILL-CHANGEUR constructed.
[INFO] Configuration Défaut read.
[INFO] Model SCI-11-06-16-ILL-CHANGEUR constructed.
[INFO] Simplifying the model... (threshold : 50)
[DEBUG] Simplifying component SCI-11-06-16-ILL-CHANGEUR...
[DEBUG] Simplifying component SCI-TT170-DURI_SANS PT O-1...
[DEBUG] Simplifying component SCI-TT170-10-09-A-1...
[DEBUG] Component SCI-TT170-10-09-A-1 simplified.
[DEBUG] Simplifying component SCI-Vis-Chc-M03-inox_Vis Chc M3- 8-1...
[DEBUG] Component SCI-Vis-Chc-M03-inox_Vis Chc M3- 8-1 simplified.
[DEBUG] Simplifying component SCI-Vis-Chc-M03-inox_Vis Chc M3- 6-2...
[DEBUG] Component SCI-Vis-Chc-M03-inox_Vis Chc M3- 6-2 simplified.
[DEBUG] Simplifying component SCI-Embase 6 contacts-1...
[DEBUG] Component SCI-Embase 6 contacts-1 simplified.
[DEBUG] Simplifying component SCI-TT170-10-21-A-1...
[DEBUG] Component SCI-TT170-10-21-A-1 simplified.
[DEBUG] Simplifying component SCI-Ecrou-H-inox_Ecrou H M 3-1...
[DEBUG] Component SCI-Ecrou-H-inox_Ecrou H M 3-1 simplified.
[DEBUG] Simplifying component SCI-Vis-Chc-M03-inox_Vis Chc M3- 6-1...
[DEBUG] Component SCI-Vis-Chc-M03-inox_Vis Chc M3- 6-1 simplified.
[DEBUG] Simplifying component SCI-R11X-J10-7N-1...
[DEBUG] Component SCI-R11X-J10-7N-1 simplified.
[DEBUG] Simplifying component SCI-TT170-10-10-A-1...
[DEBUG] Component SCI-TT170-10-10-A-1 simplified.
[DEBUG] Simplifying component SCI-Rondelle-normale-sÚrie-Z-acier_Rondelle plate normale sÚrie Z d= 4-1...
[DEBUG] Component SCI-Rondelle-normale-sÚrie-Z-acier_Rondelle plate normale sÚrie Z d= 4-1 simplified.
[DEBUG] Simplifying component SCI-TT170-10-19-A-1...
[DEBUG] Component SCI-TT170-10-19-A-1 simplified.
[DEBUG] Simplifying component SCI-Vis-Chc-M05-inox_Vis Chc M5-25-1...
[DEBUG] Component SCI-Vis-Chc-M05-inox_Vis Chc M5-25-1 simplified.
[DEBUG] Simplifying component SCI-Vis-Chc-M04-inox_Vis Chc M4-35-2...
[DEBUG] Component SCI-Vis-Chc-M04-inox_Vis Chc M4-35-2 simplified.
[DEBUG] Simplifying component SCI-Ecrou-H-inox_Ecrou H M 2-2...
[DEBUG] Component SCI-Ecrou-H-inox_Ecrou H M 2-2 simplified.
[DEBUG] Simplifying component SCI-Vis-Chc-M03-inox_Vis Chc M3- 8-6...
[DEBUG] Component SCI-Vis-Chc-M03-inox_Vis Chc M3- 8-6 simplified.
[DEBUG] Simplifying component SCI-Vis-Chc-M03-inox_Vis Chc M3- 8-4...
[DEBUG] Component SCI-Vis-Chc-M03-inox_Vis Chc M3- 8-4 simplified.
[DEBUG] Simplifying component SCI-Ecrou-H-inox_Ecrou H M 3-2...
[DEBUG] Component SCI-Ecrou-H-inox_Ecrou H M 3-2 simplified.
[DEBUG] Simplifying component SCI-Vis-Chc-M04-inox_Vis Chc M4-30-1...
[DEBUG] Component SCI-Vis-Chc-M04-inox_Vis Chc M4-30-1 simplified.
[DEBUG] Simplifying component SCI-Rondelle-normale-sÚrie-Z-acier_Rondelle plate normale sÚrie Z d= 4-2...
[DEBUG] Component SCI-Rondelle-normale-sÚrie-Z-acier_Rondelle plate normale sÚrie Z d= 4-2 simplified.
[DEBUG] Simplifying component SCI-Vis-Chc-M03-inox_Vis Chc M3- 8-5...
[DEBUG] Component SCI-Vis-Chc-M03-inox_Vis Chc M3- 8-5 simplified.
[DEBUG] Simplifying component SCI-Vis-Chc-M03-inox_Vis Chc M3- 8-3...
[DEBUG] Component SCI-Vis-Chc-M03-inox_Vis Chc M3- 8-3 simplified.
[DEBUG] Simplifying component SCI-Vis-Chc-M06-inox_Vis Chc M6-40-1...
[DEBUG] Component SCI-Vis-Chc-M06-inox_Vis Chc M6-40-1 simplified.
[DEBUG] Simplifying component SCI-TT170-10-11-A-1...
[DEBUG] Component SCI-TT170-10-11-A-1 simplified.
[DEBUG] Simplifying component SCI-TT170-10-04-A-2...
[DEBUG] Component SCI-TT170-10-04-A-2 simplified.
[DEBUG] Simplifying component SCI-Vis-Chc-M05-inox_Vis Chc M5-25-3...
[DEBUG] Component SCI-Vis-Chc-M05-inox_Vis Chc M5-25-3 simplified.
[DEBUG] Simplifying component SCI-Vis-Chc-M02-inox_Vis Chc M2- 6-1...
[DEBUG] Component SCI-Vis-Chc-M02-inox_Vis Chc M2- 6-1 simplified.
[DEBUG] Simplifying component SCI-Goupille-cylindrique-d04-inox_Goupille cylindrique d=4-14-1...
[DEBUG] Component SCI-Goupille-cylindrique-d04-inox_Goupille cylindrique d=4-14-1 simplified.
[DEBUG] Simplifying component SCI-TT170-07-12-A-1...
[DEBUG] Component SCI-TT170-07-12-A-1 simplified.
[DEBUG] Simplifying component SCI-Vis-Chc-M06-inox_Vis Chc M6-40-2...
[DEBUG] Component SCI-Vis-Chc-M06-inox_Vis Chc M6-40-2 simplified.
[DEBUG] Simplifying component SCI-Rondelle-normale-sÚrie-Z-acier_Rondelle plate normale sÚrie Z d= 4-3...
[DEBUG] Component SCI-Rondelle-normale-sÚrie-Z-acier_Rondelle plate normale sÚrie Z d= 4-3 simplified.
[DEBUG] Simplifying component SCI-Vis-Chc-M04-inox_Vis Chc M4-35-3...
[DEBUG] Component SCI-Vis-Chc-M04-inox_Vis Chc M4-35-3 simplified.
[DEBUG] Simplifying component SCI-Vis-Chc-M06-inox_Vis Chc M6-40-3...
[DEBUG] Component SCI-Vis-Chc-M06-inox_Vis Chc M6-40-3 simplified.
[DEBUG] Simplifying component SCI-Vis-Chc-M05-tb-inox_Vis Chc M5-12-1...
[DEBUG] Component SCI-Vis-Chc-M05-tb-inox_Vis Chc M5-12-1 simplified.
[DEBUG] Simplifying component SCI-Vis-Chc-M03-inox_Vis Chc M3- 8-7...
[DEBUG] Component SCI-Vis-Chc-M03-inox_Vis Chc M3- 8-7 simplified.
[DEBUG] Simplifying component SCI-Vis-Chc-M05-inox_Vis Chc M5-25-4...
[DEBUG] Component SCI-Vis-Chc-M05-inox_Vis Chc M5-25-4 simplified.
[DEBUG] Simplifying component SCI-Vis-Chc-M04-inox_Vis Chc M4-30-2...
[DEBUG] Component SCI-Vis-Chc-M04-inox_Vis Chc M4-30-2 simplified.
[DEBUG] Simplifying component SCI-Vis-Chc-M03-inox_Vis Chc M3- 6-3...
[DEBUG] Component SCI-Vis-Chc-M03-inox_Vis Chc M3- 6-3 simplified.
[DEBUG] Simplifying component SCI-TT170-10-14-A-1...
[DEBUG] Component SCI-TT170-10-14-A-1 simplified.
[DEBUG] Simplifying component SCI-Embase 5 contacts-1...
[DEBUG] Component SCI-Embase 5 contacts-1 simplified.
[DEBUG] Simplifying component SCI-Vis-Fhc-M04-inox_Vis Fhc M4- 8-1...
[DEBUG] Component SCI-Vis-Fhc-M04-inox_Vis Fhc M4- 8-1 simplified.
[DEBUG] Simplifying component SCI-Vis-Chc-M05-inox_Vis Chc M5-25-5...
[DEBUG] Component SCI-Vis-Chc-M05-inox_Vis Chc M5-25-5 simplified.
[DEBUG] Simplifying component SCI-TT170-00-05-A-1...
[DEBUG] Component SCI-TT170-00-05-A-1 simplified.
[DEBUG] Simplifying component SCI-Vis-Chc-M03-inox_Vis Chc M3- 6-4...
[DEBUG] Component SCI-Vis-Chc-M03-inox_Vis Chc M3- 6-4 simplified.
[DEBUG] Simplifying component SCI-Vis-Chc-M03-inox_Vis Chc M3- 8-8...
[DEBUG] Component SCI-Vis-Chc-M03-inox_Vis Chc M3- 8-8 simplified.
[DEBUG] Simplifying component SCI-Vis-Chc-M05-tb-inox_Vis Chc M5-12-2...
[DEBUG] Component SCI-Vis-Chc-M05-tb-inox_Vis Chc M5-12-2 simplified.
[DEBUG] Simplifying component SCI-TT170-10-21-A-2...
[DEBUG] Component SCI-TT170-10-21-A-2 simplified.
[DEBUG] Simplifying component SCI-TT170-10-06-A_Course 200-1...
[DEBUG] Component SCI-TT170-10-06-A_Course 200-1 simplified.
[DEBUG] Simplifying component SCI-Vis-Chc-M04-inox_Vis Chc M4-35-4...
[DEBUG] Component SCI-Vis-Chc-M04-inox_Vis Chc M4-35-4 simplified.
[DEBUG] Simplifying component SCI-500077_MOLETTE_Ï56xÏ6.35-1...
[DEBUG] Component SCI-500077_MOLETTE_Ï56xÏ6.35-1 simplified.
[DEBUG] Simplifying component SCI-Vis-Chc-M03-inox_Vis Chc M3-16-3...
[DEBUG] Component SCI-Vis-Chc-M03-inox_Vis Chc M3-16-3 simplified.
[DEBUG] Simplifying component SCI-Vis-Chc-M06-inox_Vis Chc M6-40-4...
[DEBUG] Component SCI-Vis-Chc-M06-inox_Vis Chc M6-40-4 simplified.
[DEBUG] Simplifying component SCI-Vis-Chc-M03-inox_Vis Chc M3- 8-2...
[DEBUG] Component SCI-Vis-Chc-M03-inox_Vis Chc M3- 8-2 simplified.
[DEBUG] Simplifying component SCI-Vis-Chc-M03-inox_Vis Chc M3-16-2...
[DEBUG] Component SCI-Vis-Chc-M03-inox_Vis Chc M3-16-2 simplified.
[DEBUG] Simplifying component SCI-Ecrou_carrÚ-Q_Ecrou Q M 4-1...
[DEBUG] Component SCI-Ecrou_carrÚ-Q_Ecrou Q M 4-1 simplified.
[DEBUG] Simplifying component SCI-VSS 57-E radial_Default-1...
[DEBUG] Component SCI-VSS 57-E radial_Default-1 simplified.
[DEBUG] Simplifying component SCI-TT170-10-07-A-1...
[DEBUG] Component SCI-TT170-10-07-A-1 simplified.
[DEBUG] Simplifying component SCI-83151012_EQUIPE_GAUCHE-1...
[DEBUG] Component SCI-83151012_EQUIPE_GAUCHE-1 simplified.
[DEBUG] Simplifying component SCI-TT170-10-04-A-1...
[DEBUG] Component SCI-TT170-10-04-A-1 simplified.
[DEBUG] Simplifying component SCI-Vis-Chc-M03-inox_Vis Chc M3-16-1...
[DEBUG] Component SCI-Vis-Chc-M03-inox_Vis Chc M3-16-1 simplified.
[DEBUG] Simplifying component SCI-Ecrou-H-inox_Ecrou H M 2-1...
[DEBUG] Component SCI-Ecrou-H-inox_Ecrou H M 2-1 simplified.
[DEBUG] Simplifying component SCI-Vis-Chc-M05-inox_Vis Chc M5-25-2...
[DEBUG] Component SCI-Vis-Chc-M05-inox_Vis Chc M5-25-2 simplified.
[DEBUG] Simplifying component SCI-Ecrou_carrÚ-Q_Ecrou Q M 4-2...
[DEBUG] Component SCI-Ecrou_carrÚ-Q_Ecrou Q M 4-2 simplified.
[DEBUG] Simplifying component SCI-TT170-07-13-A-1...
[DEBUG] Component SCI-TT170-07-13-A-1 simplified.
[DEBUG] Simplifying component SCI-Vis-Chc-M04-inox_Vis Chc M4-35-1...
[DEBUG] Component SCI-Vis-Chc-M04-inox_Vis Chc M4-35-1 simplified.
[DEBUG] Simplifying component SCI-Ecrou-H-inox_Ecrou H M 2-3...
[DEBUG] Component SCI-Ecrou-H-inox_Ecrou H M 2-3 simplified.
[DEBUG] Simplifying component SCI-Ecrou-H-inox_Ecrou H M 3-3...
[DEBUG] Component SCI-Ecrou-H-inox_Ecrou H M 3-3 simplified.
[DEBUG] Simplifying component SCI-Vis-Fhc-M04-inox_Vis Fhc M4- 8-3...
[DEBUG] Component SCI-Vis-Fhc-M04-inox_Vis Fhc M4- 8-3 simplified.
[DEBUG] Simplifying component SCI-Vis-Chc-M02-inox_Vis Chc M2- 6-2...
[DEBUG] Component SCI-Vis-Chc-M02-inox_Vis Chc M2- 6-2 simplified.
[DEBUG] Simplifying component SCI-Vis-Chc-M04-inox_Vis Chc M4-35-5...
[DEBUG] Component SCI-Vis-Chc-M04-inox_Vis Chc M4-35-5 simplified.
[DEBUG] Simplifying component SCI-TT170-10-12-B_inverse-1...
[DEBUG] Component SCI-TT170-10-12-B_inverse-1 simplified.
[DEBUG] Simplifying component SCI-Vis-Fhc-M04-inox_Vis Fhc M4- 8-2...
[DEBUG] Component SCI-Vis-Fhc-M04-inox_Vis Fhc M4- 8-2 simplified.
[DEBUG] Simplifying component SCI-Vis-Chc-M02-inox_Vis Chc M2- 6-3...
[DEBUG] Component SCI-Vis-Chc-M02-inox_Vis Chc M2- 6-3 simplified.
[DEBUG] Simplifying component SCI-Vis-Chc-M02-inox_Vis Chc M2- 6-4...
[DEBUG] Component SCI-Vis-Chc-M02-inox_Vis Chc M2- 6-4 simplified.
[DEBUG] Simplifying component SCI-Vis-Chc-M05-inox_Vis Chc M5-25-6...
[DEBUG] Component SCI-Vis-Chc-M05-inox_Vis Chc M5-25-6 simplified.
[DEBUG] Simplifying component SCI-Embase 4 contacts-1...
[DEBUG] Component SCI-Embase 4 contacts-1 simplified.
[DEBUG] Simplifying component SCI-Vis-Chc-M03-inox_Vis Chc M3-16-4...
[DEBUG] Component SCI-Vis-Chc-M03-inox_Vis Chc M3-16-4 simplified.
[DEBUG] Simplifying component SCI-Ecrou-H-inox_Ecrou H M 2-4...
[DEBUG] Component SCI-Ecrou-H-inox_Ecrou H M 2-4 simplified.
[DEBUG] Simplifying component SCI-Rondelle-normale-sÚrie-Z-acier_Rondelle plate normale sÚrie Z d= 4-4...
[DEBUG] Component SCI-Rondelle-normale-sÚrie-Z-acier_Rondelle plate normale sÚrie Z d= 4-4 simplified.
[DEBUG] Simplifying component SCI-Vis-Chc-M03-inox_Vis Chc M3- 8-11...
[DEBUG] Component SCI-Vis-Chc-M03-inox_Vis Chc M3- 8-11 simplified.
[DEBUG] Simplifying component SCI-Vis-Chc-M05-inox_Vis Chc M5-25-7...
[DEBUG] Component SCI-Vis-Chc-M05-inox_Vis Chc M5-25-7 simplified.
[DEBUG] Simplifying component SCI-Vis-Chc-M05-inox_Vis Chc M5-25-8...
[DEBUG] Component SCI-Vis-Chc-M05-inox_Vis Chc M5-25-8 simplified.
[DEBUG] Simplifying component SCI-Vis-Chc-M03-inox_Vis Chc M3- 8-10...
[DEBUG] Component SCI-Vis-Chc-M03-inox_Vis Chc M3- 8-10 simplified.
[DEBUG] Simplifying component SCI-83151012_EQUIPE_DROITE-1...
[DEBUG] Component SCI-83151012_EQUIPE_DROITE-1 simplified.
[DEBUG] Simplifying component SCI-Vis-Chc-M05-tb-inox_Vis Chc M5-12-4...
[DEBUG] Component SCI-Vis-Chc-M05-tb-inox_Vis Chc M5-12-4 simplified.
[DEBUG] Simplifying component SCI-Vis-Chc-M03-inox_Vis Chc M3- 8-12...
[DEBUG] Component SCI-Vis-Chc-M03-inox_Vis Chc M3- 8-12 simplified.
[DEBUG] Simplifying component SCI-Ecrou_carrÚ-Q_Ecrou Q M 4-3...
[DEBUG] Component SCI-Ecrou_carrÚ-Q_Ecrou Q M 4-3 simplified.
[DEBUG] Simplifying component SCI-Vis-Chc-M03-inox_Vis Chc M3- 8-9...
[DEBUG] Component SCI-Vis-Chc-M03-inox_Vis Chc M3- 8-9 simplified.
[DEBUG] Simplifying component SCI-Ecrou_carrÚ-Q_Ecrou Q M 4-4...
[DEBUG] Component SCI-Ecrou_carrÚ-Q_Ecrou Q M 4-4 simplified.
[DEBUG] Simplifying component SCI-Vis-Chc-M04-inox_Vis Chc M4-35-7...
[DEBUG] Component SCI-Vis-Chc-M04-inox_Vis Chc M4-35-7 simplified.
[DEBUG] Simplifying component SCI-Ecrou-H-inox_Ecrou H M 3-4...
[DEBUG] Component SCI-Ecrou-H-inox_Ecrou H M 3-4 simplified.
[DEBUG] Simplifying component SCI-Vis-Chc-M04-inox_Vis Chc M4-35-6...
[DEBUG] Component SCI-Vis-Chc-M04-inox_Vis Chc M4-35-6 simplified.
[DEBUG] Simplifying component SCI-Vis-Chc-M05-tb-inox_Vis Chc M5-12-3...
[DEBUG] Component SCI-Vis-Chc-M05-tb-inox_Vis Chc M5-12-3 simplified.
[DEBUG] Simplifying component SCI-Vis-Fhc-M04-inox_Vis Fhc M4- 8-4...
[DEBUG] Component SCI-Vis-Fhc-M04-inox_Vis Fhc M4- 8-4 simplified.
[DEBUG] Simplifying component SCI-Vis-Chc-M04-inox_Vis Chc M4-35-8...
[DEBUG] Component SCI-Vis-Chc-M04-inox_Vis Chc M4-35-8 simplified.
[DEBUG] Component SCI-TT170-DURI_SANS PT O-1 simplified.
[DEBUG] Simplifying component SCI-TT170-DURI_SANS PT O-2...
[DEBUG] Simplifying component SCI-TT170-10-09-A-1...
[DEBUG] Component SCI-TT170-10-09-A-1 simplified.
[DEBUG] Simplifying component SCI-Vis-Chc-M03-inox_Vis Chc M3- 8-1...
[DEBUG] Component SCI-Vis-Chc-M03-inox_Vis Chc M3- 8-1 simplified.
[DEBUG] Simplifying component SCI-Vis-Chc-M03-inox_Vis Chc M3- 6-2...
[DEBUG] Component SCI-Vis-Chc-M03-inox_Vis Chc M3- 6-2 simplified.
[DEBUG] Simplifying component SCI-Embase 6 contacts-1...
[DEBUG] Component SCI-Embase 6 contacts-1 simplified.
[DEBUG] Simplifying component SCI-TT170-10-21-A-1...
[DEBUG] Component SCI-TT170-10-21-A-1 simplified.
[DEBUG] Simplifying component SCI-Ecrou-H-inox_Ecrou H M 3-1...
[DEBUG] Component SCI-Ecrou-H-inox_Ecrou H M 3-1 simplified.
[DEBUG] Simplifying component SCI-Vis-Chc-M03-inox_Vis Chc M3- 6-1...
[DEBUG] Component SCI-Vis-Chc-M03-inox_Vis Chc M3- 6-1 simplified.
[DEBUG] Simplifying component SCI-R11X-J10-7N-1...
[DEBUG] Component SCI-R11X-J10-7N-1 simplified.
[DEBUG] Simplifying component SCI-TT170-10-10-A-1...
[DEBUG] Component SCI-TT170-10-10-A-1 simplified.
[DEBUG] Simplifying component SCI-Rondelle-normale-sÚrie-Z-acier_Rondelle plate normale sÚrie Z d= 4-1...
[DEBUG] Component SCI-Rondelle-normale-sÚrie-Z-acier_Rondelle plate normale sÚrie Z d= 4-1 simplified.
[DEBUG] Simplifying component SCI-TT170-10-19-A-1...
[DEBUG] Component SCI-TT170-10-19-A-1 simplified.
[DEBUG] Simplifying component SCI-Vis-Chc-M05-inox_Vis Chc M5-25-1...
[DEBUG] Component SCI-Vis-Chc-M05-inox_Vis Chc M5-25-1 simplified.
[DEBUG] Simplifying component SCI-Vis-Chc-M04-inox_Vis Chc M4-35-2...
[DEBUG] Component SCI-Vis-Chc-M04-inox_Vis Chc M4-35-2 simplified.
[DEBUG] Simplifying component SCI-Ecrou-H-inox_Ecrou H M 2-2...
[DEBUG] Component SCI-Ecrou-H-inox_Ecrou H M 2-2 simplified.
[DEBUG] Simplifying component SCI-Vis-Chc-M03-inox_Vis Chc M3- 8-6...
[DEBUG] Component SCI-Vis-Chc-M03-inox_Vis Chc M3- 8-6 simplified.
[DEBUG] Simplifying component SCI-Vis-Chc-M03-inox_Vis Chc M3- 8-4...
[DEBUG] Component SCI-Vis-Chc-M03-inox_Vis Chc M3- 8-4 simplified.
[DEBUG] Simplifying component SCI-Ecrou-H-inox_Ecrou H M 3-2...
[DEBUG] Component SCI-Ecrou-H-inox_Ecrou H M 3-2 simplified.
[DEBUG] Simplifying component SCI-Vis-Chc-M04-inox_Vis Chc M4-30-1...
[DEBUG] Component SCI-Vis-Chc-M04-inox_Vis Chc M4-30-1 simplified.
[DEBUG] Simplifying component SCI-Rondelle-normale-sÚrie-Z-acier_Rondelle plate normale sÚrie Z d= 4-2...
[DEBUG] Component SCI-Rondelle-normale-sÚrie-Z-acier_Rondelle plate normale sÚrie Z d= 4-2 simplified.
[DEBUG] Simplifying component SCI-Vis-Chc-M03-inox_Vis Chc M3- 8-5...
[DEBUG] Component SCI-Vis-Chc-M03-inox_Vis Chc M3- 8-5 simplified.
[DEBUG] Simplifying component SCI-Vis-Chc-M03-inox_Vis Chc M3- 8-3...
[DEBUG] Component SCI-Vis-Chc-M03-inox_Vis Chc M3- 8-3 simplified.
[DEBUG] Simplifying component SCI-Vis-Chc-M06-inox_Vis Chc M6-40-1...
[DEBUG] Component SCI-Vis-Chc-M06-inox_Vis Chc M6-40-1 simplified.
[DEBUG] Simplifying component SCI-TT170-10-11-A-1...
[DEBUG] Component SCI-TT170-10-11-A-1 simplified.
[DEBUG] Simplifying component SCI-TT170-10-04-A-2...
[DEBUG] Component SCI-TT170-10-04-A-2 simplified.
[DEBUG] Simplifying component SCI-Vis-Chc-M05-inox_Vis Chc M5-25-3...
[DEBUG] Component SCI-Vis-Chc-M05-inox_Vis Chc M5-25-3 simplified.
[DEBUG] Simplifying component SCI-Vis-Chc-M02-inox_Vis Chc M2- 6-1...
[DEBUG] Component SCI-Vis-Chc-M02-inox_Vis Chc M2- 6-1 simplified.
[DEBUG] Simplifying component SCI-Goupille-cylindrique-d04-inox_Goupille cylindrique d=4-14-1...
[DEBUG] Component SCI-Goupille-cylindrique-d04-inox_Goupille cylindrique d=4-14-1 simplified.
[DEBUG] Simplifying component SCI-TT170-07-12-A-1...
[DEBUG] Component SCI-TT170-07-12-A-1 simplified.
[DEBUG] Simplifying component SCI-Vis-Chc-M06-inox_Vis Chc M6-40-2...
[DEBUG] Component SCI-Vis-Chc-M06-inox_Vis Chc M6-40-2 simplified.
[DEBUG] Simplifying component SCI-Rondelle-normale-sÚrie-Z-acier_Rondelle plate normale sÚrie Z d= 4-3...
[DEBUG] Component SCI-Rondelle-normale-sÚrie-Z-acier_Rondelle plate normale sÚrie Z d= 4-3 simplified.
[DEBUG] Simplifying component SCI-Vis-Chc-M04-inox_Vis Chc M4-35-3...
[DEBUG] Component SCI-Vis-Chc-M04-inox_Vis Chc M4-35-3 simplified.
[DEBUG] Simplifying component SCI-Vis-Chc-M06-inox_Vis Chc M6-40-3...
[DEBUG] Component SCI-Vis-Chc-M06-inox_Vis Chc M6-40-3 simplified.
[DEBUG] Simplifying component SCI-Vis-Chc-M05-tb-inox_Vis Chc M5-12-1...
[DEBUG] Component SCI-Vis-Chc-M05-tb-inox_Vis Chc M5-12-1 simplified.
[DEBUG] Simplifying component SCI-Vis-Chc-M03-inox_Vis Chc M3- 8-7...
[DEBUG] Component SCI-Vis-Chc-M03-inox_Vis Chc M3- 8-7 simplified.
[DEBUG] Simplifying component SCI-Vis-Chc-M05-inox_Vis Chc M5-25-4...
[DEBUG] Component SCI-Vis-Chc-M05-inox_Vis Chc M5-25-4 simplified.
[DEBUG] Simplifying component SCI-Vis-Chc-M04-inox_Vis Chc M4-30-2...
[DEBUG] Component SCI-Vis-Chc-M04-inox_Vis Chc M4-30-2 simplified.
[DEBUG] Simplifying component SCI-Vis-Chc-M03-inox_Vis Chc M3- 6-3...
[DEBUG] Component SCI-Vis-Chc-M03-inox_Vis Chc M3- 6-3 simplified.
[DEBUG] Simplifying component SCI-TT170-10-14-A-1...
[DEBUG] Component SCI-TT170-10-14-A-1 simplified.
[DEBUG] Simplifying component SCI-Embase 5 contacts-1...
[DEBUG] Component SCI-Embase 5 contacts-1 simplified.
[DEBUG] Simplifying component SCI-Vis-Fhc-M04-inox_Vis Fhc M4- 8-1...
[DEBUG] Component SCI-Vis-Fhc-M04-inox_Vis Fhc M4- 8-1 simplified.
[DEBUG] Simplifying component SCI-Vis-Chc-M05-inox_Vis Chc M5-25-5...
[DEBUG] Component SCI-Vis-Chc-M05-inox_Vis Chc M5-25-5 simplified.
[DEBUG] Simplifying component SCI-TT170-00-05-A-1...
[DEBUG] Component SCI-TT170-00-05-A-1 simplified.
[DEBUG] Simplifying component SCI-Vis-Chc-M03-inox_Vis Chc M3- 6-4...
[DEBUG] Component SCI-Vis-Chc-M03-inox_Vis Chc M3- 6-4 simplified.
[DEBUG] Simplifying component SCI-Vis-Chc-M03-inox_Vis Chc M3- 8-8...
[DEBUG] Component SCI-Vis-Chc-M03-inox_Vis Chc M3- 8-8 simplified.
[DEBUG] Simplifying component SCI-Vis-Chc-M05-tb-inox_Vis Chc M5-12-2...
[DEBUG] Component SCI-Vis-Chc-M05-tb-inox_Vis Chc M5-12-2 simplified.
[DEBUG] Simplifying component SCI-TT170-10-21-A-2...
[DEBUG] Component SCI-TT170-10-21-A-2 simplified.
[DEBUG] Simplifying component SCI-TT170-10-06-A_Course 200-1...
[DEBUG] Component SCI-TT170-10-06-A_Course 200-1 simplified.
[DEBUG] Simplifying component SCI-Vis-Chc-M04-inox_Vis Chc M4-35-4...
[DEBUG] Component SCI-Vis-Chc-M04-inox_Vis Chc M4-35-4 simplified.
[DEBUG] Simplifying component SCI-500077_MOLETTE_Ï56xÏ6.35-1...
[DEBUG] Component SCI-500077_MOLETTE_Ï56xÏ6.35-1 simplified.
[DEBUG] Simplifying component SCI-Vis-Chc-M03-inox_Vis Chc M3-16-3...
[DEBUG] Component SCI-Vis-Chc-M03-inox_Vis Chc M3-16-3 simplified.
[DEBUG] Simplifying component SCI-Vis-Chc-M06-inox_Vis Chc M6-40-4...
[DEBUG] Component SCI-Vis-Chc-M06-inox_Vis Chc M6-40-4 simplified.
[DEBUG] Simplifying component SCI-Vis-Chc-M03-inox_Vis Chc M3- 8-2...
[DEBUG] Component SCI-Vis-Chc-M03-inox_Vis Chc M3- 8-2 simplified.
[DEBUG] Simplifying component SCI-Vis-Chc-M03-inox_Vis Chc M3-16-2...
[DEBUG] Component SCI-Vis-Chc-M03-inox_Vis Chc M3-16-2 simplified.
[DEBUG] Simplifying component SCI-Ecrou_carrÚ-Q_Ecrou Q M 4-1...
[DEBUG] Component SCI-Ecrou_carrÚ-Q_Ecrou Q M 4-1 simplified.
[DEBUG] Simplifying component SCI-VSS 57-E radial_Default-1...
[DEBUG] Component SCI-VSS 57-E radial_Default-1 simplified.
[DEBUG] Simplifying component SCI-TT170-10-07-A-1...
[DEBUG] Component SCI-TT170-10-07-A-1 simplified.
[DEBUG] Simplifying component SCI-83151012_EQUIPE_GAUCHE-1...
[DEBUG] Component SCI-83151012_EQUIPE_GAUCHE-1 simplified.
[DEBUG] Simplifying component SCI-TT170-10-04-A-1...
[DEBUG] Component SCI-TT170-10-04-A-1 simplified.
[DEBUG] Simplifying component SCI-Vis-Chc-M03-inox_Vis Chc M3-16-1...
[DEBUG] Component SCI-Vis-Chc-M03-inox_Vis Chc M3-16-1 simplified.
[DEBUG] Simplifying component SCI-Ecrou-H-inox_Ecrou H M 2-1...
[DEBUG] Component SCI-Ecrou-H-inox_Ecrou H M 2-1 simplified.
[DEBUG] Simplifying component SCI-Vis-Chc-M05-inox_Vis Chc M5-25-2...
[DEBUG] Component SCI-Vis-Chc-M05-inox_Vis Chc M5-25-2 simplified.
[DEBUG] Simplifying component SCI-Ecrou_carrÚ-Q_Ecrou Q M 4-2...
[DEBUG] Component SCI-Ecrou_carrÚ-Q_Ecrou Q M 4-2 simplified.
[DEBUG] Simplifying component SCI-TT170-07-13-A-1...
[DEBUG] Component SCI-TT170-07-13-A-1 simplified.
[DEBUG] Simplifying component SCI-Vis-Chc-M04-inox_Vis Chc M4-35-1...
[DEBUG] Component SCI-Vis-Chc-M04-inox_Vis Chc M4-35-1 simplified.
[DEBUG] Simplifying component SCI-Ecrou-H-inox_Ecrou H M 2-3...
[DEBUG] Component SCI-Ecrou-H-inox_Ecrou H M 2-3 simplified.
[DEBUG] Simplifying component SCI-Ecrou-H-inox_Ecrou H M 3-3...
[DEBUG] Component SCI-Ecrou-H-inox_Ecrou H M 3-3 simplified.
[DEBUG] Simplifying component SCI-Vis-Fhc-M04-inox_Vis Fhc M4- 8-3...
[DEBUG] Component SCI-Vis-Fhc-M04-inox_Vis Fhc M4- 8-3 simplified.
[DEBUG] Simplifying component SCI-Vis-Chc-M02-inox_Vis Chc M2- 6-2...
[DEBUG] Component SCI-Vis-Chc-M02-inox_Vis Chc M2- 6-2 simplified.
[DEBUG] Simplifying component SCI-Vis-Chc-M04-inox_Vis Chc M4-35-5...
[DEBUG] Component SCI-Vis-Chc-M04-inox_Vis Chc M4-35-5 simplified.
[DEBUG] Simplifying component SCI-TT170-10-12-B_inverse-1...
[DEBUG] Component SCI-TT170-10-12-B_inverse-1 simplified.
[DEBUG] Simplifying component SCI-Vis-Fhc-M04-inox_Vis Fhc M4- 8-2...
[DEBUG] Component SCI-Vis-Fhc-M04-inox_Vis Fhc M4- 8-2 simplified.
[DEBUG] Simplifying component SCI-Vis-Chc-M02-inox_Vis Chc M2- 6-3...
[DEBUG] Component SCI-Vis-Chc-M02-inox_Vis Chc M2- 6-3 simplified.
[DEBUG] Simplifying component SCI-Vis-Chc-M02-inox_Vis Chc M2- 6-4...
[DEBUG] Component SCI-Vis-Chc-M02-inox_Vis Chc M2- 6-4 simplified.
[DEBUG] Simplifying component SCI-Vis-Chc-M05-inox_Vis Chc M5-25-6...
[DEBUG] Component SCI-Vis-Chc-M05-inox_Vis Chc M5-25-6 simplified.
[DEBUG] Simplifying component SCI-Embase 4 contacts-1...
[DEBUG] Component SCI-Embase 4 contacts-1 simplified.
[DEBUG] Simplifying component SCI-Vis-Chc-M03-inox_Vis Chc M3-16-4...
[DEBUG] Component SCI-Vis-Chc-M03-inox_Vis Chc M3-16-4 simplified.
[DEBUG] Simplifying component SCI-Ecrou-H-inox_Ecrou H M 2-4...
[DEBUG] Component SCI-Ecrou-H-inox_Ecrou H M 2-4 simplified.
[DEBUG] Simplifying component SCI-Rondelle-normale-sÚrie-Z-acier_Rondelle plate normale sÚrie Z d= 4-4...
[DEBUG] Component SCI-Rondelle-normale-sÚrie-Z-acier_Rondelle plate normale sÚrie Z d= 4-4 simplified.
[DEBUG] Simplifying component SCI-Vis-Chc-M03-inox_Vis Chc M3- 8-11...
[DEBUG] Component SCI-Vis-Chc-M03-inox_Vis Chc M3- 8-11 simplified.
[DEBUG] Simplifying component SCI-Vis-Chc-M05-inox_Vis Chc M5-25-7...
[DEBUG] Component SCI-Vis-Chc-M05-inox_Vis Chc M5-25-7 simplified.
[DEBUG] Simplifying component SCI-Vis-Chc-M05-inox_Vis Chc M5-25-8...
[DEBUG] Component SCI-Vis-Chc-M05-inox_Vis Chc M5-25-8 simplified.
[DEBUG] Simplifying component SCI-Vis-Chc-M03-inox_Vis Chc M3- 8-10...
[DEBUG] Component SCI-Vis-Chc-M03-inox_Vis Chc M3- 8-10 simplified.
[DEBUG] Simplifying component SCI-83151012_EQUIPE_DROITE-1...
[DEBUG] Component SCI-83151012_EQUIPE_DROITE-1 simplified.
[DEBUG] Simplifying component SCI-Vis-Chc-M05-tb-inox_Vis Chc M5-12-4...
[DEBUG] Component SCI-Vis-Chc-M05-tb-inox_Vis Chc M5-12-4 simplified.
[DEBUG] Simplifying component SCI-Vis-Chc-M03-inox_Vis Chc M3- 8-12...
[DEBUG] Component SCI-Vis-Chc-M03-inox_Vis Chc M3- 8-12 simplified.
[DEBUG] Simplifying component SCI-Ecrou_carrÚ-Q_Ecrou Q M 4-3...
[DEBUG] Component SCI-Ecrou_carrÚ-Q_Ecrou Q M 4-3 simplified.
[DEBUG] Simplifying component SCI-Vis-Chc-M03-inox_Vis Chc M3- 8-9...
[DEBUG] Component SCI-Vis-Chc-M03-inox_Vis Chc M3- 8-9 simplified.
[DEBUG] Simplifying component SCI-Ecrou_carrÚ-Q_Ecrou Q M 4-4...
[DEBUG] Component SCI-Ecrou_carrÚ-Q_Ecrou Q M 4-4 simplified.
[DEBUG] Simplifying component SCI-Vis-Chc-M04-inox_Vis Chc M4-35-7...
[DEBUG] Component SCI-Vis-Chc-M04-inox_Vis Chc M4-35-7 simplified.
[DEBUG] Simplifying component SCI-Ecrou-H-inox_Ecrou H M 3-4...
[DEBUG] Component SCI-Ecrou-H-inox_Ecrou H M 3-4 simplified.
[DEBUG] Simplifying component SCI-Vis-Chc-M04-inox_Vis Chc M4-35-6...
[DEBUG] Component SCI-Vis-Chc-M04-inox_Vis Chc M4-35-6 simplified.
[DEBUG] Simplifying component SCI-Vis-Chc-M05-tb-inox_Vis Chc M5-12-3...
[DEBUG] Component SCI-Vis-Chc-M05-tb-inox_Vis Chc M5-12-3 simplified.
[DEBUG] Simplifying component SCI-Vis-Fhc-M04-inox_Vis Fhc M4- 8-4...
[DEBUG] Component SCI-Vis-Fhc-M04-inox_Vis Fhc M4- 8-4 simplified.
[DEBUG] Simplifying component SCI-Vis-Chc-M04-inox_Vis Chc M4-35-8...
[DEBUG] Component SCI-Vis-Chc-M04-inox_Vis Chc M4-35-8 simplified.
[DEBUG] Component SCI-TT170-DURI_SANS PT O-2 simplified.
[DEBUG] Simplifying component SCI-RT120_00_00-A_DURCI-1...
[DEBUG] Simplifying component SCI-RT120_00_01-A-1...
[DEBUG] Component SCI-RT120_00_01-A-1 simplified.
[DEBUG] Simplifying component SCI-Vis-Chc-M03-inox_Vis Chc M3- 8-2...
[DEBUG] Component SCI-Vis-Chc-M03-inox_Vis Chc M3- 8-2 simplified.
[DEBUG] Simplifying component SCI-BILLE_D4-1...
[DEBUG] Component SCI-BILLE_D4-1 simplified.
[DEBUG] Simplifying component SCI-83151012_EQUIPE_DROITE-1...
[DEBUG] Component SCI-83151012_EQUIPE_DROITE-1 simplified.
[DEBUG] Simplifying component SCI-VSS 52-E radial-1...
[DEBUG] Component SCI-VSS 52-E radial-1 simplified.
[DEBUG] Simplifying component SCI-Vis-Chc-M03-inox_Vis Chc M3-12-2...
[DEBUG] Component SCI-Vis-Chc-M03-inox_Vis Chc M3-12-2 simplified.
[DEBUG] Simplifying component SCI-Embase 5 contacts-1...
[DEBUG] Component SCI-Embase 5 contacts-1 simplified.
[DEBUG] Simplifying component SCI-Vis-Chc-M03-inox_Vis Chc M3- 8-1...
[DEBUG] Component SCI-Vis-Chc-M03-inox_Vis Chc M3- 8-1 simplified.
[DEBUG] Simplifying component SCI-Rlts 1 rangÚe de billes contact oblique d=55 - RÚf.71911CD_71911_CD (D=80 L=13)-1...
[DEBUG] Component SCI-Rlts 1 rangÚe de billes contact oblique d=55 - RÚf.71911CD_71911_CD (D=80 L=13)-1 simplified.
[DEBUG] Simplifying component SCI-Rlts 1 rangÚe de billes contact oblique d=55 - RÚf.71911CD_71911_CD (D=80 L=13)-2...
[DEBUG] Component SCI-Rlts 1 rangÚe de billes contact oblique d=55 - RÚf.71911CD_71911_CD (D=80 L=13)-2 simplified.
[DEBUG] Simplifying component SCI-Embase 4 contacts-1...
[DEBUG] Component SCI-Embase 4 contacts-1 simplified.
[DEBUG] Simplifying component SCI-R7_00_025_A-1...
[DEBUG] Component SCI-R7_00_025_A-1 simplified.
[DEBUG] Simplifying component SCI-ECROU_M8x1-1...
[DEBUG] Component SCI-ECROU_M8x1-1 simplified.
[DEBUG] Simplifying component SCI-Embase 6 contacts-1...
[DEBUG] Component SCI-Embase 6 contacts-1 simplified.
[DEBUG] Simplifying component SCI-Vis-Chc-M03-inox_Vis Chc M3-12-5...
[DEBUG] Component SCI-Vis-Chc-M03-inox_Vis Chc M3-12-5 simplified.
[DEBUG] Simplifying component SCI-R11X-J10-7N-1...
[DEBUG] Component SCI-R11X-J10-7N-1 simplified.
[DEBUG] Simplifying component SCI-RT120_00_11-A-1...
[DEBUG] Component SCI-RT120_00_11-A-1 simplified.
[DEBUG] Simplifying component SCI-Vis-Chc-M03-inox_Vis Chc M3-12-4...
[DEBUG] Component SCI-Vis-Chc-M03-inox_Vis Chc M3-12-4 simplified.
[DEBUG] Simplifying component SCI-Vis-Chc-M03-inox_Vis Chc M3-12-1...
[DEBUG] Component SCI-Vis-Chc-M03-inox_Vis Chc M3-12-1 simplified.
[DEBUG] Simplifying component SCI-PiÞce11^RT120_00_00-A-1...
[DEBUG] Component SCI-PiÞce11^RT120_00_00-A-1 simplified.
[DEBUG] Simplifying component SCI-DECLENCHEUR_RT80-2...
[DEBUG] Component SCI-DECLENCHEUR_RT80-2 simplified.
[DEBUG] Simplifying component SCI-RT200_10_03-B-1...
[DEBUG] Component SCI-RT200_10_03-B-1 simplified.
[DEBUG] Simplifying component SCI-Vis-Chc-M03-inox_Vis Chc M3-12-9...
[DEBUG] Component SCI-Vis-Chc-M03-inox_Vis Chc M3-12-9 simplified.
[DEBUG] Simplifying component SCI-Vis-Chc-M03-inox_Vis Chc M3-12-8...
[DEBUG] Component SCI-Vis-Chc-M03-inox_Vis Chc M3-12-8 simplified.
[DEBUG] Simplifying component SCI-83151012_EQUIPE_GAUCHE-1...
[DEBUG] Component SCI-83151012_EQUIPE_GAUCHE-1 simplified.
[DEBUG] Simplifying component SCI-R7_00_030_A-1...
[DEBUG] Component SCI-R7_00_030_A-1 simplified.
[DEBUG] Simplifying component SCI-Vis-Chc-M04-inox_Vis Chc M4-10-1...
[DEBUG] Component SCI-Vis-Chc-M04-inox_Vis Chc M4-10-1 simplified.
[DEBUG] Simplifying component SCI-RT120_00_05-A-1...
[DEBUG] Component SCI-RT120_00_05-A-1 simplified.
[DEBUG] Simplifying component SCI-Rlts 1 rangÚe de billes ct oblique d=5_d=16_RA_8220X-Ï8xÏ22x7-1...
[DEBUG] Component SCI-Rlts 1 rangÚe de billes ct oblique d=5_d=16_RA_8220X-Ï8xÏ22x7-1 simplified.
[DEBUG] Simplifying component SCI-Vis-Chc-M03-inox_Vis Chc M3-12-7...
[DEBUG] Component SCI-Vis-Chc-M03-inox_Vis Chc M3-12-7 simplified.
[DEBUG] Simplifying component SCI-Vis-Chc-M03-inox_Vis Chc M3-12-6...
[DEBUG] Component SCI-Vis-Chc-M03-inox_Vis Chc M3-12-6 simplified.
[DEBUG] Simplifying component SCI-TT170-10-12-B_inverse-1...
[DEBUG] Component SCI-TT170-10-12-B_inverse-1 simplified.
[DEBUG] Simplifying component SCI-DECLENCHEUR_RT80-1...
[DEBUG] Component SCI-DECLENCHEUR_RT80-1 simplified.
[DEBUG] Simplifying component SCI-RT120_00_03-A-1...
[DEBUG] Component SCI-RT120_00_03-A-1 simplified.
[DEBUG] Simplifying component SCI-RT120_00_08-A-1...
[DEBUG] Component SCI-RT120_00_08-A-1 simplified.
[DEBUG] Simplifying component SCI-BILLE_D4-2...
[DEBUG] Component SCI-BILLE_D4-2 simplified.
[DEBUG] Simplifying component SCI-RT120_00_07-A-1...
[DEBUG] Component SCI-RT120_00_07-A-1 simplified.
[DEBUG] Simplifying component SCI-Rlts 1 rangÚe de billes ct oblique d=5_d=16_RA_8220X-Ï8xÏ22x7-2...
[DEBUG] Component SCI-Rlts 1 rangÚe de billes ct oblique d=5_d=16_RA_8220X-Ï8xÏ22x7-2 simplified.
[DEBUG] Simplifying component SCI-RT120_00_10-A-1...
[DEBUG] Component SCI-RT120_00_10-A-1 simplified.
[DEBUG] Simplifying component SCI-Rlts 1 rangÚe de billes contact radial d=5_619_5 (D=13 L=4)-1...
[DEBUG] Component SCI-Rlts 1 rangÚe de billes contact radial d=5_619_5 (D=13 L=4)-1 simplified.
[DEBUG] Simplifying component SCI-R7_00_026_A-1...
[DEBUG] Component SCI-R7_00_026_A-1 simplified.
[DEBUG] Simplifying component SCI-R7_00_027_A-1...
[DEBUG] Component SCI-R7_00_027_A-1 simplified.
[DEBUG] Simplifying component SCI-RT120_00_09-A_Vis sans tÛte Ó bout plat Hc M8-20-1...
[DEBUG] Component SCI-RT120_00_09-A_Vis sans tÛte Ó bout plat Hc M8-20-1 simplified.
[DEBUG] Simplifying component SCI-Ressort C075.100.0125-1...
[DEBUG] Component SCI-Ressort C075.100.0125-1 simplified.
[DEBUG] Simplifying component SCI-RT120_00_06-A-1...
[DEBUG] Component SCI-RT120_00_06-A-1 simplified.
[DEBUG] Simplifying component SCI-RT120_00_04-A-1...
[DEBUG] Component SCI-RT120_00_04-A-1 simplified.
[DEBUG] Simplifying component SCI-Vis-Chc-M03-inox_Vis Chc M3-12-11...
[DEBUG] Component SCI-Vis-Chc-M03-inox_Vis Chc M3-12-11 simplified.
[DEBUG] Component SCI-RT120_00_00-A_DURCI-1 simplified.
[DEBUG] Simplifying component SCI-INTERFACE_TT-TT-1...
[DEBUG] Component SCI-INTERFACE_TT-TT-1 simplified.
[DEBUG] Simplifying component SCI-0516_02_01-A-1...
[DEBUG] Component SCI-0516_02_01-A-1 simplified.
[DEBUG] Simplifying component SCI-RT200_DURCI_SANS PT 0-1...
[DEBUG] Simplifying component SCI-RT200_10_03-B-1...
[DEBUG] Component SCI-RT200_10_03-B-1 simplified.
[DEBUG] Simplifying component SCI-Embase 5 contacts-1...
[DEBUG] Component SCI-Embase 5 contacts-1 simplified.
[DEBUG] Simplifying component SCI-Vis-Chc-M05-inox_Vis Chc M5-16-5...
[DEBUG] Component SCI-Vis-Chc-M05-inox_Vis Chc M5-16-5 simplified.
[DEBUG] Simplifying component SCI-RT200_00_14-A-1...
[DEBUG] Component SCI-RT200_00_14-A-1 simplified.
[DEBUG] Simplifying component SCI-Vis-Chc-M05-inox_Vis Chc M5-16-6...
[DEBUG] Component SCI-Vis-Chc-M05-inox_Vis Chc M5-16-6 simplified.
[DEBUG] Simplifying component SCI-Vis-Chc-M05-inox_Vis Chc M5-16-2...
[DEBUG] Component SCI-Vis-Chc-M05-inox_Vis Chc M5-16-2 simplified.
[DEBUG] Simplifying component SCI-Vis-Chc-M05-inox_Vis Chc M5-16-3...
[DEBUG] Component SCI-Vis-Chc-M05-inox_Vis Chc M5-16-3 simplified.
[DEBUG] Simplifying component SCI-Vis-Chc-M05-inox_Vis Chc M5-16-1...
[DEBUG] Component SCI-Vis-Chc-M05-inox_Vis Chc M5-16-1 simplified.
[DEBUG] Simplifying component SCI-Vis-Chc-M05-inox_Vis Chc M5-16-4...
[DEBUG] Component SCI-Vis-Chc-M05-inox_Vis Chc M5-16-4 simplified.
[DEBUG] Simplifying component SCI-Vis-Chc-M05-inox_Vis Chc M5-16-7...
[DEBUG] Component SCI-Vis-Chc-M05-inox_Vis Chc M5-16-7 simplified.
[DEBUG] Simplifying component SCI-5-01-000-dÚclencheur-2...
[DEBUG] Component SCI-5-01-000-dÚclencheur-2 simplified.
[DEBUG] Simplifying component SCI-R11X-J10-7N-1...
[DEBUG] Component SCI-R11X-J10-7N-1 simplified.
[DEBUG] Simplifying component SCI-500077_MOLETTE_Ï56xÏ6.35-1...
[DEBUG] Component SCI-500077_MOLETTE_Ï56xÏ6.35-1 simplified.
[DEBUG] Simplifying component SCI-Vis-Chc-M05-inox_Vis Chc M5-16-10...
[DEBUG] Component SCI-Vis-Chc-M05-inox_Vis Chc M5-16-10 simplified.
[DEBUG] Simplifying component SCI-RT200_00_13-A-1...
[DEBUG] Component SCI-RT200_00_13-A-1 simplified.
[DEBUG] Simplifying component SCI-Embase 6 contacts-1...
[DEBUG] Component SCI-Embase 6 contacts-1 simplified.
[DEBUG] Simplifying component SCI-RT200_00_15-A-1...
[DEBUG] Component SCI-RT200_00_15-A-1 simplified.
[DEBUG] Simplifying component SCI-Vis-Chc-M05-inox_Vis Chc M5-16-13...
[DEBUG] Component SCI-Vis-Chc-M05-inox_Vis Chc M5-16-13 simplified.
[DEBUG] Simplifying component SCI-RT200_11_02-B_Default-1...
[DEBUG] Component SCI-RT200_11_02-B_Default-1 simplified.
[DEBUG] Simplifying component SCI-Vis-Chc-M05-inox_Vis Chc M5-16-14...
[DEBUG] Component SCI-Vis-Chc-M05-inox_Vis Chc M5-16-14 simplified.
[DEBUG] Simplifying component SCI-835600xx-1...
[DEBUG] Component SCI-835600xx-1 simplified.
[DEBUG] Simplifying component SCI-RT200_10_02-A_CODEUR AMCI-1...
[DEBUG] Component SCI-RT200_10_02-A_CODEUR AMCI-1 simplified.
[DEBUG] Simplifying component SCI-83560011-1...
[DEBUG] Component SCI-83560011-1 simplified.
[DEBUG] Simplifying component SCI-Vis-Chc-M05-inox_Vis Chc M5-16-8...
[DEBUG] Component SCI-Vis-Chc-M05-inox_Vis Chc M5-16-8 simplified.
[DEBUG] Simplifying component SCI-RT200_00_01-B-1...
[DEBUG] Component SCI-RT200_00_01-B-1 simplified.
[DEBUG] Simplifying component SCI-Vis-Chc-M05-inox_Vis Chc M5-16-15...
[DEBUG] Component SCI-Vis-Chc-M05-inox_Vis Chc M5-16-15 simplified.
[DEBUG] Simplifying component SCI-Vis-Chc-M05-inox_Vis Chc M5-16-9...
[DEBUG] Component SCI-Vis-Chc-M05-inox_Vis Chc M5-16-9 simplified.
[DEBUG] Simplifying component SCI-VSS 57-E radial_Default-1...
[DEBUG] Component SCI-VSS 57-E radial_Default-1 simplified.
[DEBUG] Simplifying component SCI-Embase 4 contacts-1...
[DEBUG] Component SCI-Embase 4 contacts-1 simplified.
[DEBUG] Simplifying component SCI-Vis-sans-tÛte-Ó-bout-pointeau-Hc-M03-inox_Vis sans tÛte Ó bout pointeau Hc M3-10-1...
[DEBUG] Component SCI-Vis-sans-tÛte-Ó-bout-pointeau-Hc-M03-inox_Vis sans tÛte Ó bout pointeau Hc M3-10-1 simplified.
[DEBUG] Simplifying component SCI-RT200_00_02-A-1...
[DEBUG] Component SCI-RT200_00_02-A-1 simplified.
[DEBUG] Simplifying component SCI-RT200_00_03-A-1...
[DEBUG] Component SCI-RT200_00_03-A-1 simplified.
[DEBUG] Simplifying component SCI-5-01-000-dÚclencheur-1...
[DEBUG] Component SCI-5-01-000-dÚclencheur-1 simplified.
[DEBUG] Simplifying component SCI-Vis-Chc-M05-inox_Vis Chc M5-16-12...
[DEBUG] Component SCI-Vis-Chc-M05-inox_Vis Chc M5-16-12 simplified.
[DEBUG] Simplifying component SCI-Vis-Chc-M05-inox_Vis Chc M5-16-11...
[DEBUG] Component SCI-Vis-Chc-M05-inox_Vis Chc M5-16-11 simplified.
[DEBUG] Simplifying component SCI-Vis-Chc-M05-inox_Vis Chc M5-16-16...
[DEBUG] Component SCI-Vis-Chc-M05-inox_Vis Chc M5-16-16 simplified.
[DEBUG] Simplifying component SCI-Ressort HPC 1.25 x Ï9.25 x 15 - RÚf.CD2215-1...
[DEBUG] Component SCI-Ressort HPC 1.25 x Ï9.25 x 15 - RÚf.CD2215-1 simplified.
[DEBUG] Component SCI-RT200_DURCI_SANS PT 0-1 simplified.
[DEBUG] Simplifying component SCI-BG206-DURCI_SANS PT 0-1...
[DEBUG] Simplifying component SCI-Vis-Chc-M05-inox_Vis Chc M5-12-2...
[DEBUG] Component SCI-Vis-Chc-M05-inox_Vis Chc M5-12-2 simplified.
[DEBUG] Simplifying component SCI-BG206_00_03-A-1...
[DEBUG] Component SCI-BG206_00_03-A-1 simplified.
[DEBUG] Simplifying component SCI-BG206_00_07-A-1...
[DEBUG] Component SCI-BG206_00_07-A-1 simplified.
[DEBUG] Simplifying component SCI-Embase 4 contacts-1...
[DEBUG] Component SCI-Embase 4 contacts-1 simplified.
[DEBUG] Simplifying component SCI-Vis-Chc-M05-inox_Vis Chc M5-12-1...
[DEBUG] Component SCI-Vis-Chc-M05-inox_Vis Chc M5-12-1 simplified.
[DEBUG] Simplifying component SCI-Vis-sans-tÛte-Ó-bout-plat-Hc-M03-inox_Vis sans tÛte Ó bout plat Hc M3- 8-1...
[DEBUG] Component SCI-Vis-sans-tÛte-Ó-bout-plat-Hc-M03-inox_Vis sans tÛte Ó bout plat Hc M3- 8-1 simplified.
[DEBUG] Simplifying component SCI-R11X-J10-7N-1...
[DEBUG] Component SCI-R11X-J10-7N-1 simplified.
[DEBUG] Simplifying component SCI-Vis-Chc-M05-inox_Vis Chc M5-12-5...
[DEBUG] Component SCI-Vis-Chc-M05-inox_Vis Chc M5-12-5 simplified.
[DEBUG] Simplifying component SCI-BG206_12_01-A-1...
[DEBUG] Component SCI-BG206_12_01-A-1 simplified.
[DEBUG] Simplifying component SCI-BG206_00_02-A-1...
[DEBUG] Component SCI-BG206_00_02-A-1 simplified.
[DEBUG] Simplifying component SCI-VSS 57-E radial_Default-1...
[DEBUG] Component SCI-VSS 57-E radial_Default-1 simplified.
[DEBUG] Simplifying component SCI-Vis-Chc-M05-inox_Vis Chc M5-12-3...
[DEBUG] Component SCI-Vis-Chc-M05-inox_Vis Chc M5-12-3 simplified.
[DEBUG] Simplifying component SCI-Vis-Chc-M05-inox_Vis Chc M5-12-4...
[DEBUG] Component SCI-Vis-Chc-M05-inox_Vis Chc M5-12-4 simplified.
[DEBUG] Simplifying component SCI-Vis-Chc-M05-inox_Vis Chc M5-12-6...
[DEBUG] Component SCI-Vis-Chc-M05-inox_Vis Chc M5-12-6 simplified.
[DEBUG] Simplifying component SCI-BG206_11_04-A-1...
[DEBUG] Component SCI-BG206_11_04-A-1 simplified.
[DEBUG] Simplifying component SCI-BG206_11_03-A-1...
[DEBUG] Component SCI-BG206_11_03-A-1 simplified.
[DEBUG] Simplifying component SCI-BG206_12_07-A-1...
[DEBUG] Component SCI-BG206_12_07-A-1 simplified.
[DEBUG] Simplifying component SCI-Goupille-cylindrique-d05-inox_Goupille cylindrique d=5-12-1...
[DEBUG] Component SCI-Goupille-cylindrique-d05-inox_Goupille cylindrique d=5-12-1 simplified.
[DEBUG] Simplifying component SCI-Embase 6 contacts-1...
[DEBUG] Component SCI-Embase 6 contacts-1 simplified.
[DEBUG] Simplifying component SCI-Vis-Chc-M05-inox_Vis Chc M5-12-7...
[DEBUG] Component SCI-Vis-Chc-M05-inox_Vis Chc M5-12-7 simplified.
[DEBUG] Simplifying component SCI-BG206_12_07-A-2...
[DEBUG] Component SCI-BG206_12_07-A-2 simplified.
[DEBUG] Simplifying component SCI-BG206_00_01-A-1...
[DEBUG] Component SCI-BG206_00_01-A-1 simplified.
[DEBUG] Simplifying component SCI-Vis-Chc-M05-inox_Vis Chc M5-12-8...
[DEBUG] Component SCI-Vis-Chc-M05-inox_Vis Chc M5-12-8 simplified.
[DEBUG] Simplifying component SCI-BG206_11_08-A-1...
[DEBUG] Component SCI-BG206_11_08-A-1 simplified.
[DEBUG] Simplifying component SCI-Vis-Chc-M05-inox_Vis Chc M5-12-9...
[DEBUG] Component SCI-Vis-Chc-M05-inox_Vis Chc M5-12-9 simplified.
[DEBUG] Simplifying component SCI-Embase 5 contacts-1...
[DEBUG] Component SCI-Embase 5 contacts-1 simplified.
[DEBUG] Simplifying component SCI-500077_MOLETTE_Ï56xÏ6.35-1...
[DEBUG] Component SCI-500077_MOLETTE_Ï56xÏ6.35-1 simplified.
[DEBUG] Simplifying component SCI-Vis-Chc-M05-inox_Vis Chc M5-12-10...
[DEBUG] Component SCI-Vis-Chc-M05-inox_Vis Chc M5-12-10 simplified.
[DEBUG] Component SCI-BG206-DURCI_SANS PT 0-1 simplified.
[DEBUG] Simplifying component SCI-Platine gonio-1...
[DEBUG] Component SCI-Platine gonio-1 simplified.
[DEBUG] Component SCI-11-06-16-ILL-CHANGEUR simplified.
[INFO] Model simplified.
[INFO] Exporting XML file...
[DEBUG] Exporting component SCI-11-06-16-ILL-CHANGEUR...
[DEBUG] Exporting component SCI-TT170-DURI_SANS PT O-1...
[DEBUG] Exporting component SCI-TT170-10-09-A-1...
[DEBUG] Component SCI-TT170-10-09-A-1 exported.
[DEBUG] Exporting component SCI-Embase 6 contacts-1...
[DEBUG] Component SCI-Embase 6 contacts-1 exported.
[DEBUG] Exporting component SCI-R11X-J10-7N-1...
[DEBUG] Component SCI-R11X-J10-7N-1 exported.
[DEBUG] Exporting component SCI-TT170-10-10-A-1...
[DEBUG] Component SCI-TT170-10-10-A-1 exported.
[DEBUG] Exporting component SCI-TT170-10-19-A-1...
[DEBUG] Component SCI-TT170-10-19-A-1 exported.
[DEBUG] Exporting component SCI-Vis-Chc-M06-inox_Vis Chc M6-40-1...
[DEBUG] Component SCI-Vis-Chc-M06-inox_Vis Chc M6-40-1 exported.
[DEBUG] Exporting component SCI-TT170-10-11-A-1...
[DEBUG] Component SCI-TT170-10-11-A-1 exported.
[DEBUG] Exporting component SCI-TT170-10-04-A-2...
[DEBUG] Component SCI-TT170-10-04-A-2 exported.
[DEBUG] Exporting component SCI-TT170-07-12-A-1...
[DEBUG] Component SCI-TT170-07-12-A-1 exported.
[DEBUG] Exporting component SCI-Vis-Chc-M06-inox_Vis Chc M6-40-2...
[DEBUG] Component SCI-Vis-Chc-M06-inox_Vis Chc M6-40-2 exported.
[DEBUG] Exporting component SCI-Vis-Chc-M06-inox_Vis Chc M6-40-3...
[DEBUG] Component SCI-Vis-Chc-M06-inox_Vis Chc M6-40-3 exported.
[DEBUG] Exporting component SCI-TT170-10-14-A-1...
[DEBUG] Component SCI-TT170-10-14-A-1 exported.
[DEBUG] Exporting component SCI-Embase 5 contacts-1...
[DEBUG] Component SCI-Embase 5 contacts-1 exported.
[DEBUG] Exporting component SCI-TT170-00-05-A-1...
[DEBUG] Component SCI-TT170-00-05-A-1 exported.
[DEBUG] Exporting component SCI-TT170-10-06-A_Course 200-1...
[DEBUG] Component SCI-TT170-10-06-A_Course 200-1 exported.
[DEBUG] Exporting component SCI-500077_MOLETTE_Ï56xÏ6.35-1...
[DEBUG] Component SCI-500077_MOLETTE_Ï56xÏ6.35-1 exported.
[DEBUG] Exporting component SCI-Vis-Chc-M06-inox_Vis Chc M6-40-4...
[DEBUG] Component SCI-Vis-Chc-M06-inox_Vis Chc M6-40-4 exported.
[DEBUG] Exporting component SCI-VSS 57-E radial_Default-1...
[DEBUG] Component SCI-VSS 57-E radial_Default-1 exported.
[DEBUG] Exporting component SCI-TT170-10-07-A-1...
[DEBUG] Component SCI-TT170-10-07-A-1 exported.
[DEBUG] Exporting component SCI-TT170-10-04-A-1...
[DEBUG] Component SCI-TT170-10-04-A-1 exported.
[DEBUG] Exporting component SCI-TT170-07-13-A-1...
[DEBUG] Component SCI-TT170-07-13-A-1 exported.
[DEBUG] Exporting component SCI-TT170-10-12-B_inverse-1...
[DEBUG] Component SCI-TT170-10-12-B_inverse-1 exported.
[DEBUG] Exporting component SCI-Embase 4 contacts-1...
[DEBUG] Component SCI-Embase 4 contacts-1 exported.
[DEBUG] Component SCI-TT170-DURI_SANS PT O-1 exported.
[DEBUG] Exporting component SCI-TT170-DURI_SANS PT O-2...
[DEBUG] Exporting component SCI-TT170-10-09-A-1...
[DEBUG] Component SCI-TT170-10-09-A-1 exported.
[DEBUG] Exporting component SCI-Embase 6 contacts-1...
[DEBUG] Component SCI-Embase 6 contacts-1 exported.
[DEBUG] Exporting component SCI-R11X-J10-7N-1...
[DEBUG] Component SCI-R11X-J10-7N-1 exported.
[DEBUG] Exporting component SCI-TT170-10-10-A-1...
[DEBUG] Component SCI-TT170-10-10-A-1 exported.
[DEBUG] Exporting component SCI-TT170-10-19-A-1...
[DEBUG] Component SCI-TT170-10-19-A-1 exported.
[DEBUG] Exporting component SCI-Vis-Chc-M06-inox_Vis Chc M6-40-1...
[DEBUG] Component SCI-Vis-Chc-M06-inox_Vis Chc M6-40-1 exported.
[DEBUG] Exporting component SCI-TT170-10-11-A-1...
[DEBUG] Component SCI-TT170-10-11-A-1 exported.
[DEBUG] Exporting component SCI-TT170-10-04-A-2...
[DEBUG] Component SCI-TT170-10-04-A-2 exported.
[DEBUG] Exporting component SCI-TT170-07-12-A-1...
[DEBUG] Component SCI-TT170-07-12-A-1 exported.
[DEBUG] Exporting component SCI-Vis-Chc-M06-inox_Vis Chc M6-40-2...
[DEBUG] Component SCI-Vis-Chc-M06-inox_Vis Chc M6-40-2 exported.
[DEBUG] Exporting component SCI-Vis-Chc-M06-inox_Vis Chc M6-40-3...
[DEBUG] Component SCI-Vis-Chc-M06-inox_Vis Chc M6-40-3 exported.
[DEBUG] Exporting component SCI-TT170-10-14-A-1...
[DEBUG] Component SCI-TT170-10-14-A-1 exported.
[DEBUG] Exporting component SCI-Embase 5 contacts-1...
[DEBUG] Component SCI-Embase 5 contacts-1 exported.
[DEBUG] Exporting component SCI-TT170-00-05-A-1...
[DEBUG] Component SCI-TT170-00-05-A-1 exported.
[DEBUG] Exporting component SCI-TT170-10-06-A_Course 200-1...
[DEBUG] Component SCI-TT170-10-06-A_Course 200-1 exported.
[DEBUG] Exporting component SCI-500077_MOLETTE_Ï56xÏ6.35-1...
[DEBUG] Component SCI-500077_MOLETTE_Ï56xÏ6.35-1 exported.
[DEBUG] Exporting component SCI-Vis-Chc-M06-inox_Vis Chc M6-40-4...
[DEBUG] Component SCI-Vis-Chc-M06-inox_Vis Chc M6-40-4 exported.
[DEBUG] Exporting component SCI-VSS 57-E radial_Default-1...
[DEBUG] Component SCI-VSS 57-E radial_Default-1 exported.
[DEBUG] Exporting component SCI-TT170-10-07-A-1...
[DEBUG] Component SCI-TT170-10-07-A-1 exported.
[DEBUG] Exporting component SCI-TT170-10-04-A-1...
[DEBUG] Component SCI-TT170-10-04-A-1 exported.
[DEBUG] Exporting component SCI-TT170-07-13-A-1...
[DEBUG] Component SCI-TT170-07-13-A-1 exported.
[DEBUG] Exporting component SCI-TT170-10-12-B_inverse-1...
[DEBUG] Component SCI-TT170-10-12-B_inverse-1 exported.
[DEBUG] Exporting component SCI-Embase 4 contacts-1...
[DEBUG] Component SCI-Embase 4 contacts-1 exported.
[DEBUG] Component SCI-TT170-DURI_SANS PT O-2 exported.
[DEBUG] Exporting component SCI-RT120_00_00-A_DURCI-1...
[DEBUG] Exporting component SCI-RT120_00_01-A-1...
[DEBUG] Component SCI-RT120_00_01-A-1 exported.
[DEBUG] Exporting component SCI-VSS 52-E radial-1...
[DEBUG] Component SCI-VSS 52-E radial-1 exported.
[DEBUG] Exporting component SCI-Embase 5 contacts-1...
[DEBUG] Component SCI-Embase 5 contacts-1 exported.
[DEBUG] Exporting component SCI-Rlts 1 rangÚe de billes contact oblique d=55 - RÚf.71911CD_71911_CD (D=80 L=13)-1...
[DEBUG] Component SCI-Rlts 1 rangÚe de billes contact oblique d=55 - RÚf.71911CD_71911_CD (D=80 L=13)-1 exported.
[DEBUG] Exporting component SCI-Rlts 1 rangÚe de billes contact oblique d=55 - RÚf.71911CD_71911_CD (D=80 L=13)-2...
[DEBUG] Component SCI-Rlts 1 rangÚe de billes contact oblique d=55 - RÚf.71911CD_71911_CD (D=80 L=13)-2 exported.
[DEBUG] Exporting component SCI-Embase 4 contacts-1...
[DEBUG] Component SCI-Embase 4 contacts-1 exported.
[DEBUG] Exporting component SCI-Embase 6 contacts-1...
[DEBUG] Component SCI-Embase 6 contacts-1 exported.
[DEBUG] Exporting component SCI-R11X-J10-7N-1...
[DEBUG] Component SCI-R11X-J10-7N-1 exported.
[DEBUG] Exporting component SCI-RT120_00_11-A-1...
[DEBUG] Component SCI-RT120_00_11-A-1 exported.
[DEBUG] Exporting component SCI-PiÞce11^RT120_00_00-A-1...
[DEBUG] Component SCI-PiÞce11^RT120_00_00-A-1 exported.
[DEBUG] Exporting component SCI-RT200_10_03-B-1...
[DEBUG] Component SCI-RT200_10_03-B-1 exported.
[DEBUG] Exporting component SCI-R7_00_030_A-1...
[DEBUG] Component SCI-R7_00_030_A-1 exported.
[DEBUG] Exporting component SCI-RT120_00_05-A-1...
[DEBUG] Component SCI-RT120_00_05-A-1 exported.
[DEBUG] Exporting component SCI-TT170-10-12-B_inverse-1...
[DEBUG] Component SCI-TT170-10-12-B_inverse-1 exported.
[DEBUG] Exporting component SCI-RT120_00_03-A-1...
[DEBUG] Component SCI-RT120_00_03-A-1 exported.
[DEBUG] Exporting component SCI-RT120_00_07-A-1...
[DEBUG] Component SCI-RT120_00_07-A-1 exported.
[DEBUG] Exporting component SCI-RT120_00_06-A-1...
[DEBUG] Component SCI-RT120_00_06-A-1 exported.
[DEBUG] Exporting component SCI-RT120_00_04-A-1...
[DEBUG] Component SCI-RT120_00_04-A-1 exported.
[DEBUG] Component SCI-RT120_00_00-A_DURCI-1 exported.
[DEBUG] Exporting component SCI-INTERFACE_TT-TT-1...
[DEBUG] Component SCI-INTERFACE_TT-TT-1 exported.
[DEBUG] Exporting component SCI-0516_02_01-A-1...
[DEBUG] Component SCI-0516_02_01-A-1 exported.
[DEBUG] Exporting component SCI-RT200_DURCI_SANS PT 0-1...
[DEBUG] Exporting component SCI-RT200_10_03-B-1...
[DEBUG] Component SCI-RT200_10_03-B-1 exported.
[DEBUG] Exporting component SCI-Embase 5 contacts-1...
[DEBUG] Component SCI-Embase 5 contacts-1 exported.
[DEBUG] Exporting component SCI-R11X-J10-7N-1...
[DEBUG] Component SCI-R11X-J10-7N-1 exported.
[DEBUG] Exporting component SCI-500077_MOLETTE_Ï56xÏ6.35-1...
[DEBUG] Component SCI-500077_MOLETTE_Ï56xÏ6.35-1 exported.
[DEBUG] Exporting component SCI-Embase 6 contacts-1...
[DEBUG] Component SCI-Embase 6 contacts-1 exported.
[DEBUG] Exporting component SCI-RT200_11_02-B_Default-1...
[DEBUG] Component SCI-RT200_11_02-B_Default-1 exported.
[DEBUG] Exporting component SCI-RT200_10_02-A_CODEUR AMCI-1...
[DEBUG] Component SCI-RT200_10_02-A_CODEUR AMCI-1 exported.
[DEBUG] Exporting component SCI-RT200_00_01-B-1...
[DEBUG] Component SCI-RT200_00_01-B-1 exported.
[DEBUG] Exporting component SCI-VSS 57-E radial_Default-1...
[DEBUG] Component SCI-VSS 57-E radial_Default-1 exported.
[DEBUG] Exporting component SCI-Embase 4 contacts-1...
[DEBUG] Component SCI-Embase 4 contacts-1 exported.
[DEBUG] Exporting component SCI-RT200_00_02-A-1...
[DEBUG] Component SCI-RT200_00_02-A-1 exported.
[DEBUG] Exporting component SCI-RT200_00_03-A-1...
[DEBUG] Component SCI-RT200_00_03-A-1 exported.
[DEBUG] Component SCI-RT200_DURCI_SANS PT 0-1 exported.
[DEBUG] Exporting component SCI-BG206-DURCI_SANS PT 0-1...
[DEBUG] Exporting component SCI-BG206_00_03-A-1...
[DEBUG] Component SCI-BG206_00_03-A-1 exported.
[DEBUG] Exporting component SCI-BG206_00_07-A-1...
[DEBUG] Component SCI-BG206_00_07-A-1 exported.
[DEBUG] Exporting component SCI-Embase 4 contacts-1...
[DEBUG] Component SCI-Embase 4 contacts-1 exported.
[DEBUG] Exporting component SCI-R11X-J10-7N-1...
[DEBUG] Component SCI-R11X-J10-7N-1 exported.
[DEBUG] Exporting component SCI-BG206_12_01-A-1...
[DEBUG] Component SCI-BG206_12_01-A-1 exported.
[DEBUG] Exporting component SCI-BG206_00_02-A-1...
[DEBUG] Component SCI-BG206_00_02-A-1 exported.
[DEBUG] Exporting component SCI-VSS 57-E radial_Default-1...
[DEBUG] Component SCI-VSS 57-E radial_Default-1 exported.
[DEBUG] Exporting component SCI-BG206_11_04-A-1...
[DEBUG] Component SCI-BG206_11_04-A-1 exported.
[DEBUG] Exporting component SCI-BG206_11_03-A-1...
[DEBUG] Component SCI-BG206_11_03-A-1 exported.
[DEBUG] Exporting component SCI-BG206_12_07-A-1...
[DEBUG] Component SCI-BG206_12_07-A-1 exported.
[DEBUG] Exporting component SCI-Embase 6 contacts-1...
[DEBUG] Component SCI-Embase 6 contacts-1 exported.
[DEBUG] Exporting component SCI-BG206_12_07-A-2...
[DEBUG] Component SCI-BG206_12_07-A-2 exported.
[DEBUG] Exporting component SCI-BG206_00_01-A-1...
[DEBUG] Component SCI-BG206_00_01-A-1 exported.
[DEBUG] Exporting component SCI-BG206_11_08-A-1...
[DEBUG] Component SCI-BG206_11_08-A-1 exported.
[DEBUG] Exporting component SCI-Embase 5 contacts-1...
[DEBUG] Component SCI-Embase 5 contacts-1 exported.
[DEBUG] Exporting component SCI-500077_MOLETTE_Ï56xÏ6.35-1...
[DEBUG] Component SCI-500077_MOLETTE_Ï56xÏ6.35-1 exported.
[DEBUG] Component SCI-BG206-DURCI_SANS PT 0-1 exported.
[DEBUG] Exporting component SCI-Platine gonio-1...
[DEBUG] Component SCI-Platine gonio-1 exported.
[DEBUG] Component SCI-11-06-16-ILL-CHANGEUR exported.
[INFO] XML file exported.
[INFO] Exporting geometries...
[INFO] Geometries exported.
[INFO] Model successfully exported to "C:\Users\dages\Workspace\SOLIDWORKS_models\XTREMED_n3d_export\SCI-11-06-16-ILL-CHANGEUR.xml"
