[INFO] Exporting model to "C:\Users\dages\Workspace\SOLIDWORKS_models\IN12-Ligne Mono_n3d_export\SCI-IN12-755-05-Ligne monochromateur.xml"
[INFO] Constructing internal model for SCI-IN12-755-05-Ligne monochromateur...
[INFO] Rebuilding SW document
[INFO] Reading configuration Défaut...
[DEBUG] Constructing component SCI-IN12-755-05-Ligne monochromateur...
[DEBUG] Constructing component SCI-IN12-755-Interface Julich-1...
[DEBUG] Constructing component SCI-IN12-755-Huber 5202.3-1...
[DEBUG] Component SCI-IN12-755-Huber 5202.3-1 constructed.
[DEBUG] Constructing component SCI-IN12-755-Huber 5101.3-1...
[DEBUG] Component SCI-IN12-755-Huber 5101.3-1 constructed.
[DEBUG] Constructing component SCI-IN12-755-Huber 411-1...
[DEBUG] Component SCI-IN12-755-Huber 411-1 constructed.
[DEBUG] Component SCI-IN12-755-05-Ligne monochromateur constructed.
[INFO] Configuration Défaut read.
[INFO] Model SCI-IN12-755-05-Ligne monochromateur constructed.
[INFO] Simplifying the model... (threshold : 50)
[DEBUG] Simplifying component SCI-IN12-755-05-Ligne monochromateur...
[DEBUG] Simplifying component SCI-IN12-755-Interface Julich-1...
[DEBUG] Component SCI-IN12-755-Interface Julich-1 simplified.
[DEBUG] Simplifying component SCI-IN12-755-Huber 5202.3-1...
[DEBUG] Component SCI-IN12-755-Huber 5202.3-1 simplified.
[DEBUG] Simplifying component SCI-IN12-755-Huber 5101.3-1...
[DEBUG] Component SCI-IN12-755-Huber 5101.3-1 simplified.
[DEBUG] Simplifying component SCI-IN12-755-Huber 411-1...
[DEBUG] Component SCI-IN12-755-Huber 411-1 simplified.
[DEBUG] Component SCI-IN12-755-05-Ligne monochromateur simplified.
[INFO] Model simplified.
[INFO] Exporting XML file...
[DEBUG] Exporting component SCI-IN12-755-05-Ligne monochromateur...
[DEBUG] Exporting component SCI-IN12-755-Huber 5202.3-1...
[DEBUG] Component SCI-IN12-755-Huber 5202.3-1 exported.
[DEBUG] Exporting component SCI-IN12-755-Huber 5101.3-1...
[DEBUG] Component SCI-IN12-755-Huber 5101.3-1 exported.
[DEBUG] Exporting component SCI-IN12-755-Huber 411-1...
[DEBUG] Component SCI-IN12-755-Huber 411-1 exported.
[DEBUG] Component SCI-IN12-755-05-Ligne monochromateur exported.
[INFO] XML file exported.
[INFO] Exporting geometries...
[INFO] Geometries exported.
[INFO] Model successfully exported to "C:\Users\dages\Workspace\SOLIDWORKS_models\IN12-Ligne Mono_n3d_export\SCI-IN12-755-05-Ligne monochromateur.xml"
