[INFO] Exporting model to "C:\Users\sci\Documents\simple2-export\Simple2.xml"
[INFO] Constructing internal model for Simple2...
[INFO] Rebuilding SW document
[INFO] Reading configuration Default...
[DEBUG] Constructing component Simple2...
[DEBUG] Constructing component Arms^Simple2-1...
[DEBUG] Constructing component FixedArm-1...
[DEBUG] Component FixedArm-1 constructed.
[DEBUG] Constructing component Mobiles^Arms_Simple2-1...
[DEBUG] Constructing component MobileArm-1...
[DEBUG] Component MobileArm-1 constructed.
[DEBUG] Component Mobiles^Arms_Simple2-1 constructed.
[DEBUG] Component Arms^Simple2-1 constructed.
[DEBUG] Constructing component CylBase-1...
[DEBUG] Component CylBase-1 constructed.
[DEBUG] Component Simple2 constructed.
[INFO] Configuration Default read.
[INFO] Model Simple2 constructed.
[INFO] Simplifying the model... (threshold : 50)
[DEBUG] Simplifying component Simple2...
[DEBUG] Simplifying component Arms^Simple2-1...
[DEBUG] Simplifying component FixedArm-1...
[DEBUG] Component FixedArm-1 simplified.
[DEBUG] Simplifying component Mobiles^Arms_Simple2-1...
[DEBUG] Simplifying component MobileArm-1...
[DEBUG] Component MobileArm-1 simplified.
[DEBUG] Component Mobiles^Arms_Simple2-1 simplified.
[DEBUG] Component Arms^Simple2-1 simplified.
[DEBUG] Simplifying component CylBase-1...
[DEBUG] Component CylBase-1 simplified.
[DEBUG] Component Simple2 simplified.
[INFO] Model simplified.
[INFO] Exporting XML file...
[DEBUG] Exporting component Simple2...
[DEBUG] Exporting component Arms^Simple2-1...
[DEBUG] Exporting component FixedArm-1...
[DEBUG] Component FixedArm-1 exported.
[DEBUG] Exporting component Mobiles^Arms_Simple2-1...
[DEBUG] Exporting component MobileArm-1...
[DEBUG] Component MobileArm-1 exported.
[DEBUG] Component Mobiles^Arms_Simple2-1 exported.
[DEBUG] Component Arms^Simple2-1 exported.
[DEBUG] Exporting component CylBase-1...
[DEBUG] Component CylBase-1 exported.
[DEBUG] Component Simple2 exported.
[INFO] XML file exported.
[INFO] Exporting geometries...
[DEBUG] Exporting part FixedArm-1 to "C:\Users\sci\Documents\simple2-export\FixedArm.STL"...
[DEBUG] Part FixedArm-1 exported.
[DEBUG] Exporting part MobileArm-1 to "C:\Users\sci\Documents\simple2-export\MobileArm.STL"...
[DEBUG] Part MobileArm-1 exported.
[DEBUG] Exporting part CylBase-1 to "C:\Users\sci\Documents\simple2-export\CylBase.STL"...
[DEBUG] Part CylBase-1 exported.
[INFO] Geometries exported.
[INFO] Model successfully exported to "C:\Users\sci\Documents\simple2-export\Simple2.xml"
